
> frontend@0.0.0 build
> tsc -b && vite build

src/components/permission-request/ApprovalPanel.tsx(433,13): error TS2322: Type '({ key: string; title: string; width: number; render: (request: PermissionRequest) => Element; } | { key: string; title: string; render: (request: PermissionRequest) => Element; width?: undefined; })[]' is not assignable to type 'ColumnDef<PermissionRequest, unknown>[]'.
  Type '{ key: string; title: string; width: number; render: (request: PermissionRequest) => Element; } | { key: string; title: string; render: (request: PermissionRequest) => Element; width?: undefined; }' is not assignable to type 'ColumnDef<PermissionRequest, unknown>'.
    Type '{ key: string; title: string; width: number; render: (request: PermissionRequest) => JSX.Element; }' is not assignable to type 'ColumnDef<PermissionRequest, unknown>'.
src/components/permission-request/ApprovalPanel.tsx(442,26): error TS7006: Parameter 'keys' implicitly has an 'any' type.
src/components/permission-resource/ResourceManagementModal.tsx(127,9): error TS2322: Type 'string | undefined' is not assignable to type 'string'.
  Type 'undefined' is not assignable to type 'string'.
src/hooks/permissions/useBatchPermissionOperations.ts(625,17): error TS2769: No overload matches this call.
  Overload 1 of 2, '(relation: "departments" | "employees" | "employee_categories" | "payroll_periods" | "insurance_types" | "positions" | "job_ranks" | "special_deduction_types" | "salary_components" | ... 55 more ... | "user_roles"): PostgrestQueryBuilder<...>', gave the following error.
    Argument of type '"users"' is not assignable to parameter of type '"departments" | "employees" | "employee_categories" | "payroll_periods" | "insurance_types" | "positions" | "job_ranks" | "special_deduction_types" | "salary_components" | ... 55 more ... | "user_roles"'.
  Overload 2 of 2, '(relation: "view_department_payroll_statistics" | "view_employee_basic_info" | "view_employees_active" | "view_employees_all" | "view_employees_deleted" | "view_payroll_period_completeness" | ... 16 more ... | "view_recent_activities"): PostgrestQueryBuilder<...>', gave the following error.
    Argument of type '"users"' is not assignable to parameter of type '"view_department_payroll_statistics" | "view_employee_basic_info" | "view_employees_active" | "view_employees_all" | "view_employees_deleted" | "view_payroll_period_completeness" | ... 16 more ... | "view_recent_activities"'.
src/hooks/permissions/useMyPermissions.ts(45,15): error TS2769: No overload matches this call.
  Overload 1 of 2, '(relation: "departments" | "employees" | "employee_categories" | "payroll_periods" | "insurance_types" | "positions" | "job_ranks" | "special_deduction_types" | "salary_components" | ... 55 more ... | "user_roles"): PostgrestQueryBuilder<...>', gave the following error.
    Argument of type '"user_permissions"' is not assignable to parameter of type '"departments" | "employees" | "employee_categories" | "payroll_periods" | "insurance_types" | "positions" | "job_ranks" | "special_deduction_types" | "salary_components" | ... 55 more ... | "user_roles"'.
  Overload 2 of 2, '(relation: "view_department_payroll_statistics" | "view_employee_basic_info" | "view_employees_active" | "view_employees_all" | "view_employees_deleted" | "view_payroll_period_completeness" | ... 16 more ... | "view_recent_activities"): PostgrestQueryBuilder<...>', gave the following error.
    Argument of type '"user_permissions"' is not assignable to parameter of type '"view_department_payroll_statistics" | "view_employee_basic_info" | "view_employees_active" | "view_employees_all" | "view_employees_deleted" | "view_payroll_period_completeness" | ... 16 more ... | "view_recent_activities"'.
src/hooks/permissions/useMyPermissions.ts(85,41): error TS2339: Property 'permission_id' does not exist on type 'SelectQueryError<"column 'permission_id' does not exist on 'departments'."> | SelectQueryError<"column 'permission_id' does not exist on 'employees'."> | ... 62 more ... | SelectQueryError<...>'.
  Property 'permission_id' does not exist on type 'SelectQueryError<"column 'permission_id' does not exist on 'departments'.">'.
src/hooks/permissions/useMyPermissions.ts(92,13): error TS2322: Type '({ permission_id: any; permission_name: any; permission_description: any; granted_at: any; granted_by: any; expires_at: any; is_temporary: boolean; source: "direct"; usage_stats: any; } | { permission_id: string; ... 7 more ...; usage_stats: any; })[]' is not assignable to type 'MyPermissionInfo[]'.
  Type '{ permission_id: any; permission_name: any; permission_description: any; granted_at: any; granted_by: any; expires_at: any; is_temporary: boolean; source: "direct"; usage_stats: any; } | { permission_id: string; ... 7 more ...; usage_stats: any; }' is not assignable to type 'MyPermissionInfo'.
    Type '{ permission_id: string; permission_name: any; permission_description: any; granted_at: any; granted_by: string; expires_at: null; is_temporary: boolean; source: "role"; usage_stats: any; }' is not assignable to type 'MyPermissionInfo'.
      Types of property 'expires_at' are incompatible.
        Type 'null' is not assignable to type 'string | undefined'.
src/hooks/permissions/useMyPermissions.ts(95,28): error TS2339: Property 'permission_id' does not exist on type 'SelectQueryError<"column 'permission_id' does not exist on 'departments'."> | SelectQueryError<"column 'permission_id' does not exist on 'employees'."> | ... 62 more ... | SelectQueryError<...>'.
  Property 'permission_id' does not exist on type 'SelectQueryError<"column 'permission_id' does not exist on 'departments'.">'.
src/hooks/permissions/useMyPermissions.ts(96,30): error TS2339: Property 'permissions' does not exist on type 'SelectQueryError<"column 'permission_id' does not exist on 'departments'."> | SelectQueryError<"column 'permission_id' does not exist on 'employees'."> | ... 62 more ... | SelectQueryError<...>'.
  Property 'permissions' does not exist on type 'SelectQueryError<"column 'permission_id' does not exist on 'departments'.">'.
src/hooks/permissions/useMyPermissions.ts(97,37): error TS2339: Property 'permissions' does not exist on type 'SelectQueryError<"column 'permission_id' does not exist on 'departments'."> | SelectQueryError<"column 'permission_id' does not exist on 'employees'."> | ... 62 more ... | SelectQueryError<...>'.
  Property 'permissions' does not exist on type 'SelectQueryError<"column 'permission_id' does not exist on 'departments'.">'.
src/hooks/permissions/useMyPermissions.ts(98,25): error TS2339: Property 'granted_at' does not exist on type 'SelectQueryError<"column 'permission_id' does not exist on 'departments'."> | SelectQueryError<"column 'permission_id' does not exist on 'employees'."> | ... 62 more ... | SelectQueryError<...>'.
  Property 'granted_at' does not exist on type 'SelectQueryError<"column 'permission_id' does not exist on 'departments'.">'.
src/hooks/permissions/useMyPermissions.ts(99,25): error TS2339: Property 'granter' does not exist on type 'SelectQueryError<"column 'permission_id' does not exist on 'departments'."> | SelectQueryError<"column 'permission_id' does not exist on 'employees'."> | ... 62 more ... | SelectQueryError<...>'.
  Property 'granter' does not exist on type 'SelectQueryError<"column 'permission_id' does not exist on 'departments'.">'.
src/hooks/permissions/useMyPermissions.ts(100,25): error TS2339: Property 'expires_at' does not exist on type 'SelectQueryError<"column 'permission_id' does not exist on 'departments'."> | SelectQueryError<"column 'permission_id' does not exist on 'employees'."> | ... 62 more ... | SelectQueryError<...>'.
  Property 'expires_at' does not exist on type 'SelectQueryError<"column 'permission_id' does not exist on 'departments'.">'.
src/hooks/permissions/useMyPermissions.ts(101,29): error TS2339: Property 'expires_at' does not exist on type 'SelectQueryError<"column 'permission_id' does not exist on 'departments'."> | SelectQueryError<"column 'permission_id' does not exist on 'employees'."> | ... 62 more ... | SelectQueryError<...>'.
  Property 'expires_at' does not exist on type 'SelectQueryError<"column 'permission_id' does not exist on 'departments'.">'.
src/hooks/permissions/useMyPermissions.ts(103,37): error TS2339: Property 'permission_id' does not exist on type 'SelectQueryError<"column 'permission_id' does not exist on 'departments'."> | SelectQueryError<"column 'permission_id' does not exist on 'employees'."> | ... 62 more ... | SelectQueryError<...>'.
  Property 'permission_id' does not exist on type 'SelectQueryError<"column 'permission_id' does not exist on 'departments'.">'.
src/hooks/permissions/useMyPermissions.ts(108,42): error TS2339: Property 'permission_name' does not exist on type 'SelectQueryError<"column 'resource_type' does not exist on 'permissions'.">'.
src/hooks/permissions/useMyPermissions.ts(109,49): error TS2339: Property 'description' does not exist on type 'SelectQueryError<"column 'resource_type' does not exist on 'permissions'.">'.
src/hooks/permissions/useMyPermissions.ts(110,28): error TS2339: Property 'created_at' does not exist on type 'AuthUser'.
src/hooks/permissions/useMyPermissions.ts(152,15): error TS2769: No overload matches this call.
  Overload 1 of 2, '(relation: "departments" | "employees" | "employee_categories" | "payroll_periods" | "insurance_types" | "positions" | "job_ranks" | "special_deduction_types" | "salary_components" | ... 55 more ... | "user_roles"): PostgrestQueryBuilder<...>', gave the following error.
    Argument of type '"permission_usage_log"' is not assignable to parameter of type '"departments" | "employees" | "employee_categories" | "payroll_periods" | "insurance_types" | "positions" | "job_ranks" | "special_deduction_types" | "salary_components" | ... 55 more ... | "user_roles"'.
  Overload 2 of 2, '(relation: "view_department_payroll_statistics" | "view_employee_basic_info" | "view_employees_active" | "view_employees_all" | "view_employees_deleted" | "view_payroll_period_completeness" | ... 16 more ... | "view_recent_activities"): PostgrestQueryBuilder<...>', gave the following error.
    Argument of type '"permission_usage_log"' is not assignable to parameter of type '"view_department_payroll_statistics" | "view_employee_basic_info" | "view_employees_active" | "view_employees_all" | "view_employees_deleted" | "view_payroll_period_completeness" | ... 16 more ... | "view_recent_activities"'.
src/hooks/permissions/useMyPermissions.ts(167,55): error TS2339: Property 'used_at' does not exist on type 'SelectQueryError<"column 'used_at' does not exist on 'departments'."> | SelectQueryError<"column 'used_at' does not exist on 'employees'."> | ... 62 more ... | SelectQueryError<...>'.
  Property 'used_at' does not exist on type 'SelectQueryError<"column 'used_at' does not exist on 'departments'.">'.
src/hooks/permissions/useMyPermissions.ts(172,32): error TS2339: Property 'used_at' does not exist on type 'SelectQueryError<"column 'used_at' does not exist on 'departments'."> | SelectQueryError<"column 'used_at' does not exist on 'employees'."> | ... 62 more ... | SelectQueryError<...>'.
  Property 'used_at' does not exist on type 'SelectQueryError<"column 'used_at' does not exist on 'departments'.">'.
src/hooks/permissions/useMyPermissions.ts(201,35): error TS2551: Property 'department_id' does not exist on type 'AuthUser'. Did you mean 'departmentId'?
src/hooks/permissions/useMyPermissions.ts(215,21): error TS2339: Property 'user_permissions' does not exist on type 'SelectQueryError<"column 'role' does not exist on 'user_profiles'.">'.
src/hooks/permissions/useMyPermissions.ts(246,26): error TS2339: Property 'permission_id' does not exist on type 'SelectQueryError<"column 'permission_id' does not exist on 'permissions'.">'.
src/hooks/permissions/useMyPermissions.ts(247,28): error TS2339: Property 'permission_name' does not exist on type 'SelectQueryError<"column 'permission_id' does not exist on 'permissions'.">'.
src/hooks/permissions/useMyPermissions.ts(248,63): error TS2339: Property 'permission_id' does not exist on type 'SelectQueryError<"column 'permission_id' does not exist on 'permissions'.">'.
src/hooks/permissions/useMyPermissions.ts(249,53): error TS2339: Property 'permission_id' does not exist on type 'SelectQueryError<"column 'permission_id' does not exist on 'permissions'.">'.
src/hooks/permissions/useMyPermissions.ts(251,26): error TS2339: Property 'user_permissions' does not exist on type 'SelectQueryError<"column 'role' does not exist on 'user_profiles'.">'.
src/hooks/permissions/useMyPermissions.ts(251,84): error TS2339: Property 'permission_id' does not exist on type 'SelectQueryError<"column 'permission_id' does not exist on 'permissions'.">'.
src/hooks/permissions/useMyPermissions.ts(252,23): error TS2339: Property 'id' does not exist on type 'SelectQueryError<"column 'role' does not exist on 'user_profiles'.">'.
src/hooks/permissions/useMyPermissions.ts(253,48): error TS2339: Property 'permission_id' does not exist on type 'SelectQueryError<"column 'permission_id' does not exist on 'permissions'.">'.
src/hooks/permissions/useMyPermissions.ts(275,15): error TS2769: No overload matches this call.
  Overload 1 of 2, '(relation: "departments" | "employees" | "employee_categories" | "payroll_periods" | "insurance_types" | "positions" | "job_ranks" | "special_deduction_types" | "salary_components" | ... 55 more ... | "user_roles"): PostgrestQueryBuilder<...>', gave the following error.
    Argument of type '"notification_settings"' is not assignable to parameter of type '"departments" | "employees" | "employee_categories" | "payroll_periods" | "insurance_types" | "positions" | "job_ranks" | "special_deduction_types" | "salary_components" | ... 55 more ... | "user_roles"'.
  Overload 2 of 2, '(relation: "view_department_payroll_statistics" | "view_employee_basic_info" | "view_employees_active" | "view_employees_all" | "view_employees_deleted" | "view_payroll_period_completeness" | ... 16 more ... | "view_recent_activities"): PostgrestQueryBuilder<...>', gave the following error.
    Argument of type '"notification_settings"' is not assignable to parameter of type '"view_department_payroll_statistics" | "view_employee_basic_info" | "view_employees_active" | "view_employees_all" | "view_employees_deleted" | "view_payroll_period_completeness" | ... 16 more ... | "view_recent_activities"'.
src/hooks/permissions/useMyPermissions.ts(304,31): error TS2345: Argument of type '{ created_at: string; date_of_birth: string | null; deleted_at: string | null; employee_name: string | null; employment_status: string; gender: string | null; hire_date: string; ... 5 more ...; user_id: string | null; } | ... 63 more ... | { ...; }' is not assignable to parameter of type 'SetStateAction<NotificationSettings | null>'.
  Type '{ created_at: string; date_of_birth: string | null; deleted_at: string | null; employee_name: string | null; employment_status: string; gender: string | null; hire_date: string; id: string; ... 4 more ...; user_id: string | null; }' is not assignable to type 'SetStateAction<NotificationSettings | null>'.
    Type '{ created_at: string; date_of_birth: string | null; deleted_at: string | null; employee_name: string | null; employment_status: string; gender: string | null; hire_date: string; id: string; ... 4 more ...; user_id: string | null; }' is missing the following properties from type 'NotificationSettings': request_submitted, request_approved, request_denied, request_expired, and 6 more.
src/hooks/permissions/useMyPermissions.ts(305,7): error TS2322: Type '{ created_at: string; date_of_birth: string | null; deleted_at: string | null; employee_name: string | null; employment_status: string; gender: string | null; hire_date: string; ... 5 more ...; user_id: string | null; } | ... 63 more ... | { ...; }' is not assignable to type 'NotificationSettings'.
  Type '{ created_at: string; date_of_birth: string | null; deleted_at: string | null; employee_name: string | null; employment_status: string; gender: string | null; hire_date: string; id: string; ... 4 more ...; user_id: string | null; }' is missing the following properties from type 'NotificationSettings': request_submitted, request_approved, request_denied, request_expired, and 6 more.
src/hooks/permissions/useMyPermissions.ts(332,15): error TS2769: No overload matches this call.
  Overload 1 of 2, '(relation: "departments" | "employees" | "employee_categories" | "payroll_periods" | "insurance_types" | "positions" | "job_ranks" | "special_deduction_types" | "salary_components" | ... 55 more ... | "user_roles"): PostgrestQueryBuilder<...>', gave the following error.
    Argument of type '"notification_settings"' is not assignable to parameter of type '"departments" | "employees" | "employee_categories" | "payroll_periods" | "insurance_types" | "positions" | "job_ranks" | "special_deduction_types" | "salary_components" | ... 55 more ... | "user_roles"'.
  Overload 2 of 2, '(relation: "view_department_payroll_statistics" | "view_employee_basic_info" | "view_employees_active" | "view_employees_all" | "view_employees_deleted" | "view_payroll_period_completeness" | ... 16 more ... | "view_recent_activities"): PostgrestQueryBuilder<...>', gave the following error.
    Argument of type '"notification_settings"' is not assignable to parameter of type '"view_department_payroll_statistics" | "view_employee_basic_info" | "view_employees_active" | "view_employees_all" | "view_employees_deleted" | "view_payroll_period_completeness" | ... 16 more ... | "view_recent_activities"'.
src/hooks/permissions/useMyPermissions.ts(432,13): error TS2769: No overload matches this call.
  Overload 1 of 2, '(relation: "departments" | "employees" | "employee_categories" | "payroll_periods" | "insurance_types" | "positions" | "job_ranks" | "special_deduction_types" | "salary_components" | ... 55 more ... | "user_roles"): PostgrestQueryBuilder<...>', gave the following error.
    Argument of type '"permission_usage_log"' is not assignable to parameter of type '"departments" | "employees" | "employee_categories" | "payroll_periods" | "insurance_types" | "positions" | "job_ranks" | "special_deduction_types" | "salary_components" | ... 55 more ... | "user_roles"'.
  Overload 2 of 2, '(relation: "view_department_payroll_statistics" | "view_employee_basic_info" | "view_employees_active" | "view_employees_all" | "view_employees_deleted" | "view_payroll_period_completeness" | ... 16 more ... | "view_recent_activities"): PostgrestQueryBuilder<...>', gave the following error.
    Argument of type '"permission_usage_log"' is not assignable to parameter of type '"view_department_payroll_statistics" | "view_employee_basic_info" | "view_employees_active" | "view_employees_all" | "view_employees_deleted" | "view_payroll_period_completeness" | ... 16 more ... | "view_recent_activities"'.
src/hooks/permissions/useMyPermissions.ts(445,40): error TS2339: Property 'permission_id' does not exist on type 'SelectQueryError<"column 'permission_id' does not exist on 'departments'."> | SelectQueryError<"column 'permission_id' does not exist on 'employees'."> | ... 62 more ... | SelectQueryError<...>'.
  Property 'permission_id' does not exist on type 'SelectQueryError<"column 'permission_id' does not exist on 'departments'.">'.
src/hooks/permissions/useMyPermissions.ts(448,33): error TS2339: Property 'used_at' does not exist on type 'SelectQueryError<"column 'permission_id' does not exist on 'departments'."> | SelectQueryError<"column 'permission_id' does not exist on 'employees'."> | ... 62 more ... | SelectQueryError<...>'.
  Property 'used_at' does not exist on type 'SelectQueryError<"column 'permission_id' does not exist on 'departments'.">'.
src/hooks/permissions/useMyPermissions.ts(482,29): error TS18046: 'b' is of type 'unknown'.
src/hooks/permissions/useMyPermissions.ts(482,33): error TS18046: 'a' is of type 'unknown'.
src/hooks/permissions/usePermissionApproval.ts(113,26): error TS2339: Property 'request_id' does not exist on type 'SelectQueryError<"column 'request_id' does not exist on 'permission_requests'.">'.
src/hooks/permissions/usePermissionApproval.ts(114,23): error TS2339: Property 'user_id' does not exist on type 'SelectQueryError<"column 'request_id' does not exist on 'permission_requests'.">'.
src/hooks/permissions/usePermissionApproval.ts(115,29): error TS2339: Property 'permission_id' does not exist on type 'SelectQueryError<"column 'request_id' does not exist on 'permission_requests'.">'.
src/hooks/permissions/usePermissionApproval.ts(116,31): error TS2339: Property 'permissions' does not exist on type 'SelectQueryError<"column 'request_id' does not exist on 'permission_requests'.">'.
src/hooks/permissions/usePermissionApproval.ts(117,28): error TS2339: Property 'request_type' does not exist on type 'SelectQueryError<"column 'request_id' does not exist on 'permission_requests'.">'.
src/hooks/permissions/usePermissionApproval.ts(118,22): error TS2339: Property 'reason' does not exist on type 'SelectQueryError<"column 'request_id' does not exist on 'permission_requests'.">'.
src/hooks/permissions/usePermissionApproval.ts(119,28): error TS2339: Property 'requested_at' does not exist on type 'SelectQueryError<"column 'request_id' does not exist on 'permission_requests'.">'.
src/hooks/permissions/usePermissionApproval.ts(120,26): error TS2339: Property 'expires_at' does not exist on type 'SelectQueryError<"column 'request_id' does not exist on 'permission_requests'.">'.
src/hooks/permissions/usePermissionApproval.ts(121,22): error TS2339: Property 'status' does not exist on type 'SelectQueryError<"column 'request_id' does not exist on 'permission_requests'.">'.
src/hooks/permissions/usePermissionApproval.ts(122,27): error TS2339: Property 'reviewed_by' does not exist on type 'SelectQueryError<"column 'request_id' does not exist on 'permission_requests'.">'.
src/hooks/permissions/usePermissionApproval.ts(123,27): error TS2339: Property 'reviewed_at' does not exist on type 'SelectQueryError<"column 'request_id' does not exist on 'permission_requests'.">'.
src/hooks/permissions/usePermissionApproval.ts(124,29): error TS2339: Property 'review_reason' does not exist on type 'SelectQueryError<"column 'request_id' does not exist on 'permission_requests'.">'.
src/hooks/permissions/usePermissionApproval.ts(125,26): error TS2339: Property 'created_at' does not exist on type 'SelectQueryError<"column 'request_id' does not exist on 'permission_requests'.">'.
src/hooks/permissions/usePermissionApproval.ts(126,26): error TS2339: Property 'updated_at' does not exist on type 'SelectQueryError<"column 'request_id' does not exist on 'permission_requests'.">'.
src/hooks/permissions/usePermissionApproval.ts(127,26): error TS2339: Property 'user_profiles' does not exist on type 'SelectQueryError<"column 'request_id' does not exist on 'permission_requests'.">'.
src/hooks/permissions/usePermissionApproval.ts(208,26): error TS2339: Property 'request_id' does not exist on type 'SelectQueryError<"column 'request_id' does not exist on 'permission_requests'.">'.
src/hooks/permissions/usePermissionApproval.ts(209,23): error TS2339: Property 'user_id' does not exist on type 'SelectQueryError<"column 'request_id' does not exist on 'permission_requests'.">'.
src/hooks/permissions/usePermissionApproval.ts(210,29): error TS2339: Property 'permission_id' does not exist on type 'SelectQueryError<"column 'request_id' does not exist on 'permission_requests'.">'.
src/hooks/permissions/usePermissionApproval.ts(211,31): error TS2339: Property 'permissions' does not exist on type 'SelectQueryError<"column 'request_id' does not exist on 'permission_requests'.">'.
src/hooks/permissions/usePermissionApproval.ts(212,28): error TS2339: Property 'request_type' does not exist on type 'SelectQueryError<"column 'request_id' does not exist on 'permission_requests'.">'.
src/hooks/permissions/usePermissionApproval.ts(213,22): error TS2339: Property 'reason' does not exist on type 'SelectQueryError<"column 'request_id' does not exist on 'permission_requests'.">'.
src/hooks/permissions/usePermissionApproval.ts(214,28): error TS2339: Property 'requested_at' does not exist on type 'SelectQueryError<"column 'request_id' does not exist on 'permission_requests'.">'.
src/hooks/permissions/usePermissionApproval.ts(215,26): error TS2339: Property 'expires_at' does not exist on type 'SelectQueryError<"column 'request_id' does not exist on 'permission_requests'.">'.
src/hooks/permissions/usePermissionApproval.ts(216,22): error TS2339: Property 'status' does not exist on type 'SelectQueryError<"column 'request_id' does not exist on 'permission_requests'.">'.
src/hooks/permissions/usePermissionApproval.ts(217,27): error TS2339: Property 'reviewed_by' does not exist on type 'SelectQueryError<"column 'request_id' does not exist on 'permission_requests'.">'.
src/hooks/permissions/usePermissionApproval.ts(218,27): error TS2339: Property 'reviewed_at' does not exist on type 'SelectQueryError<"column 'request_id' does not exist on 'permission_requests'.">'.
src/hooks/permissions/usePermissionApproval.ts(219,29): error TS2339: Property 'review_reason' does not exist on type 'SelectQueryError<"column 'request_id' does not exist on 'permission_requests'.">'.
src/hooks/permissions/usePermissionApproval.ts(220,26): error TS2339: Property 'created_at' does not exist on type 'SelectQueryError<"column 'request_id' does not exist on 'permission_requests'.">'.
src/hooks/permissions/usePermissionApproval.ts(221,26): error TS2339: Property 'updated_at' does not exist on type 'SelectQueryError<"column 'request_id' does not exist on 'permission_requests'.">'.
src/hooks/permissions/usePermissionApproval.ts(222,26): error TS2339: Property 'user_profiles' does not exist on type 'SelectQueryError<"column 'request_id' does not exist on 'permission_requests'.">'.
src/hooks/permissions/usePermissionApproval.ts(223,30): error TS2339: Property 'reviewer' does not exist on type 'SelectQueryError<"column 'request_id' does not exist on 'permission_requests'.">'.
src/hooks/permissions/usePermissionApproval.ts(294,19): error TS2769: No overload matches this call.
  Overload 1 of 2, '(relation: "departments" | "employees" | "employee_categories" | "payroll_periods" | "insurance_types" | "positions" | "job_ranks" | "special_deduction_types" | "salary_components" | ... 55 more ... | "user_roles"): PostgrestQueryBuilder<...>', gave the following error.
    Argument of type '"user_permissions"' is not assignable to parameter of type '"departments" | "employees" | "employee_categories" | "payroll_periods" | "insurance_types" | "positions" | "job_ranks" | "special_deduction_types" | "salary_components" | ... 55 more ... | "user_roles"'.
  Overload 2 of 2, '(relation: "view_department_payroll_statistics" | "view_employee_basic_info" | "view_employees_active" | "view_employees_all" | "view_employees_deleted" | "view_payroll_period_completeness" | ... 16 more ... | "view_recent_activities"): PostgrestQueryBuilder<...>', gave the following error.
    Argument of type '"user_permissions"' is not assignable to parameter of type '"view_department_payroll_statistics" | "view_employee_basic_info" | "view_employees_active" | "view_employees_all" | "view_employees_deleted" | "view_payroll_period_completeness" | ... 16 more ... | "view_recent_activities"'.
src/hooks/permissions/usePermissionApproval.ts(296,36): error TS2339: Property 'user_id' does not exist on type 'SelectQueryError<"column 'user_id' does not exist on 'permission_requests'.">'.
src/hooks/permissions/usePermissionApproval.ts(297,42): error TS2339: Property 'permission_id' does not exist on type 'SelectQueryError<"column 'user_id' does not exist on 'permission_requests'.">'.
src/hooks/permissions/usePermissionApproval.ts(300,39): error TS2339: Property 'expires_at' does not exist on type 'SelectQueryError<"column 'user_id' does not exist on 'permission_requests'.">'.
src/hooks/permissions/usePermissionApproval.ts(408,30): error TS2339: Property 'raw' does not exist on type 'SupabaseClient<Database, "public", { Tables: { audit_deletion_log: { Row: { deleted_at: string | null; deleted_by: string | null; deleted_data: Json; id: string; reason: string | null; record_id: string | null; table_name: string; }; Insert: { ...; }; Update: { ...; }; Relationships: []; }; ... 63 more ...; user_rol...'.
src/hooks/permissions/usePermissionApproval.ts(444,15): error TS2769: No overload matches this call.
  Overload 1 of 2, '(relation: "departments" | "employees" | "employee_categories" | "payroll_periods" | "insurance_types" | "positions" | "job_ranks" | "special_deduction_types" | "salary_components" | ... 55 more ... | "user_roles"): PostgrestQueryBuilder<...>', gave the following error.
    Argument of type '"approval_history"' is not assignable to parameter of type '"departments" | "employees" | "employee_categories" | "payroll_periods" | "insurance_types" | "positions" | "job_ranks" | "special_deduction_types" | "salary_components" | ... 55 more ... | "user_roles"'.
  Overload 2 of 2, '(relation: "view_department_payroll_statistics" | "view_employee_basic_info" | "view_employees_active" | "view_employees_all" | "view_employees_deleted" | "view_payroll_period_completeness" | ... 16 more ... | "view_recent_activities"): PostgrestQueryBuilder<...>', gave the following error.
    Argument of type '"approval_history"' is not assignable to parameter of type '"view_department_payroll_statistics" | "view_employee_basic_info" | "view_employees_active" | "view_employees_all" | "view_employees_deleted" | "view_payroll_period_completeness" | ... 16 more ... | "view_recent_activities"'.
src/hooks/permissions/usePermissionApproval.ts(461,18): error TS2339: Property 'id' does not exist on type 'SelectQueryError<"column 'id' does not exist on 'departments'."> | SelectQueryError<"column 'id' does not exist on 'employees'."> | ... 62 more ... | SelectQueryError<...>'.
  Property 'id' does not exist on type 'SelectQueryError<"column 'id' does not exist on 'departments'.">'.
src/hooks/permissions/usePermissionApproval.ts(462,27): error TS2339: Property 'reviewer_id' does not exist on type 'SelectQueryError<"column 'id' does not exist on 'departments'."> | SelectQueryError<"column 'id' does not exist on 'employees'."> | ... 62 more ... | SelectQueryError<...>'.
  Property 'reviewer_id' does not exist on type 'SelectQueryError<"column 'id' does not exist on 'departments'.">'.
src/hooks/permissions/usePermissionApproval.ts(463,29): error TS2339: Property 'user_profiles' does not exist on type 'SelectQueryError<"column 'id' does not exist on 'departments'."> | SelectQueryError<"column 'id' does not exist on 'employees'."> | ... 62 more ... | SelectQueryError<...>'.
  Property 'user_profiles' does not exist on type 'SelectQueryError<"column 'id' does not exist on 'departments'.">'.
src/hooks/permissions/usePermissionApproval.ts(463,61): error TS2339: Property 'user_profiles' does not exist on type 'SelectQueryError<"column 'id' does not exist on 'departments'."> | SelectQueryError<"column 'id' does not exist on 'employees'."> | ... 62 more ... | SelectQueryError<...>'.
  Property 'user_profiles' does not exist on type 'SelectQueryError<"column 'id' does not exist on 'departments'.">'.
src/hooks/permissions/usePermissionApproval.ts(464,30): error TS2339: Property 'user_profiles' does not exist on type 'SelectQueryError<"column 'id' does not exist on 'departments'."> | SelectQueryError<"column 'id' does not exist on 'employees'."> | ... 62 more ... | SelectQueryError<...>'.
  Property 'user_profiles' does not exist on type 'SelectQueryError<"column 'id' does not exist on 'departments'.">'.
src/hooks/permissions/usePermissionApproval.ts(465,24): error TS2339: Property 'decision' does not exist on type 'SelectQueryError<"column 'id' does not exist on 'departments'."> | SelectQueryError<"column 'id' does not exist on 'employees'."> | ... 62 more ... | SelectQueryError<...>'.
  Property 'decision' does not exist on type 'SelectQueryError<"column 'id' does not exist on 'departments'.">'.
src/hooks/permissions/usePermissionApproval.ts(466,22): error TS2339: Property 'reason' does not exist on type 'SelectQueryError<"column 'id' does not exist on 'departments'."> | SelectQueryError<"column 'id' does not exist on 'employees'."> | ... 62 more ... | SelectQueryError<...>'.
  Property 'reason' does not exist on type 'SelectQueryError<"column 'id' does not exist on 'departments'.">'.
src/hooks/permissions/usePermissionApproval.ts(467,25): error TS2339: Property 'timestamp' does not exist on type 'SelectQueryError<"column 'id' does not exist on 'departments'."> | SelectQueryError<"column 'id' does not exist on 'employees'."> | ... 62 more ... | SelectQueryError<...>'.
  Property 'timestamp' does not exist on type 'SelectQueryError<"column 'id' does not exist on 'departments'.">'.
src/hooks/permissions/usePermissionApproval.ts(504,46): error TS2339: Property 'status' does not exist on type 'SelectQueryError<"column 'requested_at' does not exist on 'permission_requests'.">'.
src/hooks/permissions/usePermissionApproval.ts(505,47): error TS2339: Property 'status' does not exist on type 'SelectQueryError<"column 'requested_at' does not exist on 'permission_requests'.">'.
src/hooks/permissions/usePermissionApproval.ts(506,45): error TS2339: Property 'status' does not exist on type 'SelectQueryError<"column 'requested_at' does not exist on 'permission_requests'.">'.
src/hooks/permissions/usePermissionApproval.ts(507,46): error TS2339: Property 'status' does not exist on type 'SelectQueryError<"column 'requested_at' does not exist on 'permission_requests'.">'.
src/hooks/permissions/usePermissionApproval.ts(510,17): error TS2339: Property 'request_type' does not exist on type 'SelectQueryError<"column 'requested_at' does not exist on 'permission_requests'.">'.
src/hooks/permissions/usePermissionApproval.ts(510,40): error TS2339: Property 'request_type' does not exist on type 'SelectQueryError<"column 'requested_at' does not exist on 'permission_requests'.">'.
src/hooks/permissions/usePermissionApproval.ts(517,17): error TS2339: Property 'permission_id' does not exist on type 'SelectQueryError<"column 'requested_at' does not exist on 'permission_requests'.">'.
src/hooks/permissions/usePermissionApproval.ts(517,41): error TS2339: Property 'permission_id' does not exist on type 'SelectQueryError<"column 'requested_at' does not exist on 'permission_requests'.">'.
src/hooks/permissions/usePermissionApproval.ts(522,31): error TS2339: Property 'status' does not exist on type 'SelectQueryError<"column 'requested_at' does not exist on 'permission_requests'.">'.
src/hooks/permissions/usePermissionApproval.ts(522,114): error TS2339: Property 'status' does not exist on type 'SelectQueryError<"column 'requested_at' does not exist on 'permission_requests'.">'.
src/hooks/permissions/usePermissionApproval.ts(527,13): error TS2339: Property 'status' does not exist on type 'SelectQueryError<"column 'requested_at' does not exist on 'permission_requests'.">'.
src/hooks/permissions/usePermissionApproval.ts(528,22): error TS2339: Property 'requested_at' does not exist on type 'SelectQueryError<"column 'requested_at' does not exist on 'permission_requests'.">'.
src/hooks/permissions/usePermissionAssignment.ts(124,24): error TS2339: Property 'error' does not exist on type '{ handleError: (error: any, options?: ErrorHandlerOptions) => { message: string; code: string | undefined; }; createErrorHandler: (defaultOptions?: ErrorHandlerOptions) => (error: any, options?: ErrorHandlerOptions) => { ...; }; handleNetworkError: (error: any, options?: ErrorHandlerOptions) => { ...; }; handleValid...'.
src/hooks/permissions/usePermissionAssignment.ts(132,68): error TS2589: Type instantiation is excessively deep and possibly infinite.
src/hooks/permissions/usePermissionAssignment.ts(133,15): error TS2769: No overload matches this call.
  Overload 1 of 2, '(relation: "departments" | "employees" | "employee_categories" | "payroll_periods" | "insurance_types" | "positions" | "job_ranks" | "special_deduction_types" | "salary_components" | ... 55 more ... | "user_roles"): PostgrestQueryBuilder<...>', gave the following error.
    Argument of type '"view_user_permission_assignments"' is not assignable to parameter of type '"departments" | "employees" | "employee_categories" | "payroll_periods" | "insurance_types" | "positions" | "job_ranks" | "special_deduction_types" | "salary_components" | ... 55 more ... | "user_roles"'.
  Overload 2 of 2, '(relation: "view_department_payroll_statistics" | "view_employee_basic_info" | "view_employees_active" | "view_employees_all" | "view_employees_deleted" | "view_payroll_period_completeness" | ... 16 more ... | "view_recent_activities"): PostgrestQueryBuilder<...>', gave the following error.
    Argument of type '"view_user_permission_assignments"' is not assignable to parameter of type '"view_department_payroll_statistics" | "view_employee_basic_info" | "view_employees_active" | "view_employees_all" | "view_employees_deleted" | "view_payroll_period_completeness" | ... 16 more ... | "view_recent_activities"'.
src/hooks/permissions/usePermissionAssignment.ts(145,15): error TS2769: No overload matches this call.
  Overload 1 of 2, '(relation: "departments" | "employees" | "employee_categories" | "payroll_periods" | "insurance_types" | "positions" | "job_ranks" | "special_deduction_types" | "salary_components" | ... 55 more ... | "user_roles"): PostgrestQueryBuilder<...>', gave the following error.
    Argument of type '"view_user_permission_summary"' is not assignable to parameter of type '"departments" | "employees" | "employee_categories" | "payroll_periods" | "insurance_types" | "positions" | "job_ranks" | "special_deduction_types" | "salary_components" | ... 55 more ... | "user_roles"'.
  Overload 2 of 2, '(relation: "view_department_payroll_statistics" | "view_employee_basic_info" | "view_employees_active" | "view_employees_all" | "view_employees_deleted" | "view_payroll_period_completeness" | ... 16 more ... | "view_recent_activities"): PostgrestQueryBuilder<...>', gave the following error.
    Argument of type '"view_user_permission_summary"' is not assignable to parameter of type '"view_department_payroll_statistics" | "view_employee_basic_info" | "view_employees_active" | "view_employees_all" | "view_employees_deleted" | "view_payroll_period_completeness" | ... 16 more ... | "view_recent_activities"'.
src/hooks/permissions/usePermissionAssignment.ts(152,14): error TS2345: Argument of type '"detect_permission_conflicts"' is not assignable to parameter of type '"analyze_function_performance" | "api_system_health" | "apply_base_limits" | "batch_mark_as_paid" | "benchmark_function" | "bulk_update_employee_status" | "calc_payroll_summary" | ... 166 more ... | "validate_personnel_category"'.
src/hooks/permissions/usePermissionAssignment.ts(156,22): error TS2345: Argument of type 'ResultOne[]' is not assignable to parameter of type 'SetStateAction<PermissionAssignment[]>'.
  Type 'ResultOne[]' is not assignable to type 'PermissionAssignment[]'.
    Type 'ResultOne' is not assignable to type 'PermissionAssignment'.
src/hooks/permissions/usePermissionAssignment.ts(157,24): error TS2345: Argument of type '({ created_at: string; date_of_birth: string | null; deleted_at: string | null; employee_name: string | null; employment_status: string; gender: string | null; hire_date: string; ... 5 more ...; user_id: string | null; } | ... 63 more ... | { ...; })[]' is not assignable to parameter of type 'SetStateAction<UserPermissionSummary[]>'.
  Type '({ created_at: string; date_of_birth: string | null; deleted_at: string | null; employee_name: string | null; employment_status: string; gender: string | null; hire_date: string; ... 5 more ...; user_id: string | null; } | ... 63 more ... | { ...; })[]' is not assignable to type 'UserPermissionSummary[]'.
    Type '{ created_at: string; date_of_birth: string | null; deleted_at: string | null; employee_name: string | null; employment_status: string; gender: string | null; hire_date: string; ... 5 more ...; user_id: string | null; } | ... 63 more ... | { ...; }' is not assignable to type 'UserPermissionSummary'.
      Type '{ created_at: string; date_of_birth: string | null; deleted_at: string | null; employee_name: string | null; employment_status: string; gender: string | null; hire_date: string; id: string; ... 4 more ...; user_id: string | null; }' is missing the following properties from type 'UserPermissionSummary': userId, userName, userEmail, additionalRoles, and 8 more.
src/hooks/permissions/usePermissionAssignment.ts(158,20): error TS2345: Argument of type '{}' is not assignable to parameter of type 'SetStateAction<PermissionConflict[]>'.
src/hooks/permissions/usePermissionAssignment.ts(161,24): error TS2559: Type '"获取权限分配数据失败"' has no properties in common with type 'ErrorHandlerOptions'.
src/hooks/permissions/usePermissionAssignment.ts(174,44): error TS2345: Argument of type '"assign_user_permission"' is not assignable to parameter of type '"analyze_function_performance" | "api_system_health" | "apply_base_limits" | "batch_mark_as_paid" | "benchmark_function" | "bulk_update_employee_status" | "calc_payroll_summary" | ... 166 more ... | "validate_personnel_category"'.
src/hooks/permissions/usePermissionAssignment.ts(189,24): error TS2559: Type '"分配权限失败"' has no properties in common with type 'ErrorHandlerOptions'.
src/hooks/permissions/usePermissionAssignment.ts(201,44): error TS2345: Argument of type '"revoke_user_permission"' is not assignable to parameter of type '"analyze_function_performance" | "api_system_health" | "apply_base_limits" | "batch_mark_as_paid" | "benchmark_function" | "bulk_update_employee_status" | "calc_payroll_summary" | ... 166 more ... | "validate_personnel_category"'.
src/hooks/permissions/usePermissionAssignment.ts(214,24): error TS2559: Type '"撤销权限失败"' has no properties in common with type 'ErrorHandlerOptions'.
src/hooks/permissions/usePermissionAssignment.ts(225,44): error TS2345: Argument of type '"assign_role_to_user"' is not assignable to parameter of type '"analyze_function_performance" | "api_system_health" | "apply_base_limits" | "batch_mark_as_paid" | "benchmark_function" | "bulk_update_employee_status" | "calc_payroll_summary" | ... 166 more ... | "validate_personnel_category"'.
src/hooks/permissions/usePermissionAssignment.ts(237,24): error TS2559: Type '"分配角色权限失败"' has no properties in common with type 'ErrorHandlerOptions'.
src/hooks/permissions/usePermissionAssignment.ts(270,24): error TS2559: Type '"创建权限覆盖失败"' has no properties in common with type 'ErrorHandlerOptions'.
src/hooks/permissions/usePermissionAssignment.ts(296,24): error TS2559: Type '"移除权限覆盖失败"' has no properties in common with type 'ErrorHandlerOptions'.
src/hooks/permissions/usePermissionAssignment.ts(306,50): error TS2345: Argument of type '"calculate_user_permissions"' is not assignable to parameter of type '"analyze_function_performance" | "api_system_health" | "apply_base_limits" | "batch_mark_as_paid" | "benchmark_function" | "bulk_update_employee_status" | "calc_payroll_summary" | ... 166 more ... | "validate_personnel_category"'.
src/hooks/permissions/usePermissionAssignment.ts(311,7): error TS2322: Type 'unknown' is not assignable to type 'UserPermissionSummary'.
src/hooks/permissions/usePermissionAssignment.ts(314,24): error TS2559: Type '"计算用户权限失败"' has no properties in common with type 'ErrorHandlerOptions'.
src/hooks/permissions/usePermissionAssignment.ts(324,50): error TS2345: Argument of type '"get_user_permission_matrix"' is not assignable to parameter of type '"analyze_function_performance" | "api_system_health" | "apply_base_limits" | "batch_mark_as_paid" | "benchmark_function" | "bulk_update_employee_status" | "calc_payroll_summary" | ... 166 more ... | "validate_personnel_category"'.
src/hooks/permissions/usePermissionAssignment.ts(329,7): error TS2322: Type 'unknown' is not assignable to type 'PermissionMatrix'.
src/hooks/permissions/usePermissionAssignment.ts(332,24): error TS2559: Type '"获取权限矩阵失败"' has no properties in common with type 'ErrorHandlerOptions'.
src/hooks/permissions/usePermissionAssignment.ts(342,50): error TS2345: Argument of type '"check_user_permission_conflicts"' is not assignable to parameter of type '"analyze_function_performance" | "api_system_health" | "apply_base_limits" | "batch_mark_as_paid" | "benchmark_function" | "bulk_update_employee_status" | "calc_payroll_summary" | ... 166 more ... | "validate_personnel_category"'.
src/hooks/permissions/usePermissionAssignment.ts(347,7): error TS2740: Type '{}' is missing the following properties from type 'PermissionConflict[]': length, pop, push, concat, and 29 more.
src/hooks/permissions/usePermissionAssignment.ts(350,24): error TS2559: Type '"检查权限冲突失败"' has no properties in common with type 'ErrorHandlerOptions'.
src/hooks/permissions/usePermissionAssignment.ts(361,50): error TS2345: Argument of type '"analyze_permission_inheritance"' is not assignable to parameter of type '"analyze_function_performance" | "api_system_health" | "apply_base_limits" | "batch_mark_as_paid" | "benchmark_function" | "bulk_update_employee_status" | "calc_payroll_summary" | ... 166 more ... | "validate_personnel_category"'.
src/hooks/permissions/usePermissionAssignment.ts(367,7): error TS2322: Type 'unknown' is not assignable to type 'PermissionInheritance'.
src/hooks/permissions/usePermissionAssignment.ts(370,24): error TS2559: Type '"分析权限继承失败"' has no properties in common with type 'ErrorHandlerOptions'.
src/hooks/permissions/usePermissionAssignment.ts(380,50): error TS2345: Argument of type '"get_effective_permissions"' is not assignable to parameter of type '"analyze_function_performance" | "api_system_health" | "apply_base_limits" | "batch_mark_as_paid" | "benchmark_function" | "bulk_update_employee_status" | "calc_payroll_summary" | ... 166 more ... | "validate_personnel_category"'.
src/hooks/permissions/usePermissionAssignment.ts(385,7): error TS2740: Type '{}' is missing the following properties from type 'EffectivePermission[]': length, pop, push, concat, and 29 more.
src/hooks/permissions/usePermissionAssignment.ts(388,24): error TS2559: Type '"获取有效权限失败"' has no properties in common with type 'ErrorHandlerOptions'.
src/hooks/permissions/usePermissionAssignment.ts(398,50): error TS2345: Argument of type '"preview_batch_permission_assignment"' is not assignable to parameter of type '"analyze_function_performance" | "api_system_health" | "apply_base_limits" | "batch_mark_as_paid" | "benchmark_function" | "bulk_update_employee_status" | "calc_payroll_summary" | ... 166 more ... | "validate_personnel_category"'.
src/hooks/permissions/usePermissionAssignment.ts(403,7): error TS2322: Type 'unknown' is not assignable to type 'BatchPreview'.
src/hooks/permissions/usePermissionAssignment.ts(406,24): error TS2559: Type '"批量操作预览失败"' has no properties in common with type 'ErrorHandlerOptions'.
src/hooks/permissions/usePermissionDefinition.ts(34,11): error TS2339: Property 'error' does not exist on type '{ handleError: (error: any, options?: ErrorHandlerOptions) => { message: string; code: string | undefined; }; createErrorHandler: (defaultOptions?: ErrorHandlerOptions) => (error: any, options?: ErrorHandlerOptions) => { ...; }; handleNetworkError: (error: any, options?: ErrorHandlerOptions) => { ...; }; handleValid...'.
src/hooks/permissions/usePermissionDefinition.ts(34,31): error TS2339: Property 'clearError' does not exist on type '{ handleError: (error: any, options?: ErrorHandlerOptions) => { message: string; code: string | undefined; }; createErrorHandler: (defaultOptions?: ErrorHandlerOptions) => (error: any, options?: ErrorHandlerOptions) => { ...; }; handleNetworkError: (error: any, options?: ErrorHandlerOptions) => { ...; }; handleValid...'.
src/hooks/permissions/usePermissionDefinition.ts(82,22): error TS2345: Argument of type '{ action_type: string; created_at: string | null; description: string | null; id: string; is_active: boolean | null; metadata: Json; permission_code: string; permission_name: string; resource_id: string; updated_at: string | null; resource: { ...; }; }[]' is not assignable to parameter of type 'SetStateAction<PermissionWithResource[]>'.
  Type '{ action_type: string; created_at: string | null; description: string | null; id: string; is_active: boolean | null; metadata: Json; permission_code: string; permission_name: string; resource_id: string; updated_at: string | null; resource: { ...; }; }[]' is not assignable to type 'PermissionWithResource[]'.
    Type '{ action_type: string; created_at: string | null; description: string | null; id: string; is_active: boolean | null; metadata: Json; permission_code: string; permission_name: string; resource_id: string; updated_at: string | null; resource: { ...; }; }' is not assignable to type 'PermissionWithResource'.
      The types of 'resource.resource_type' are incompatible between these types.
        Type 'string' is not assignable to type '"action" | "data" | "page" | "feature" | "api"'.
src/hooks/permissions/usePermissionDefinition.ts(172,7): error TS2322: Type '{ action_type: string; created_at: string | null; description: string | null; id: string; is_active: boolean | null; metadata: Json; permission_code: string; permission_name: string; resource_id: string; updated_at: string | null; }[]' is not assignable to type 'Permission[]'.
  Type '{ action_type: string; created_at: string | null; description: string | null; id: string; is_active: boolean | null; metadata: Json; permission_code: string; permission_name: string; resource_id: string; updated_at: string | null; }' is not assignable to type 'Permission'.
    Types of property 'action_type' are incompatible.
      Type 'string' is not assignable to type '"view" | "create" | "update" | "delete" | "export" | "approve" | "manage"'.
src/hooks/permissions/usePermissionHistory.ts(75,11): error TS2430: Interface 'AuditFilters' incorrectly extends interface 'HistoryFilters'.
  Types of property 'actionTypes' are incompatible.
    Type 'string[] | undefined' is not assignable to type 'HistoryActionType[] | undefined'.
      Type 'string[]' is not assignable to type 'HistoryActionType[]'.
        Type 'string' is not assignable to type 'HistoryActionType'.
src/hooks/permissions/usePermissionHistory.ts(335,24): error TS2339: Property 'error' does not exist on type '{ handleError: (error: any, options?: ErrorHandlerOptions) => { message: string; code: string | undefined; }; createErrorHandler: (defaultOptions?: ErrorHandlerOptions) => (error: any, options?: ErrorHandlerOptions) => { ...; }; handleNetworkError: (error: any, options?: ErrorHandlerOptions) => { ...; }; handleValid...'.
src/hooks/permissions/usePermissionHistory.ts(343,50): error TS2345: Argument of type '"get_user_permission_history"' is not assignable to parameter of type '"analyze_function_performance" | "api_system_health" | "apply_base_limits" | "batch_mark_as_paid" | "benchmark_function" | "bulk_update_employee_status" | "calc_payroll_summary" | ... 166 more ... | "validate_personnel_category"'.
src/hooks/permissions/usePermissionHistory.ts(352,7): error TS2740: Type '{}' is missing the following properties from type 'PermissionHistoryEntry[]': length, pop, push, concat, and 29 more.
src/hooks/permissions/usePermissionHistory.ts(355,24): error TS2559: Type '"获取用户历史失败"' has no properties in common with type 'ErrorHandlerOptions'.
src/hooks/permissions/usePermissionHistory.ts(366,50): error TS2345: Argument of type '"get_permission_change_history"' is not assignable to parameter of type '"analyze_function_performance" | "api_system_health" | "apply_base_limits" | "batch_mark_as_paid" | "benchmark_function" | "bulk_update_employee_status" | "calc_payroll_summary" | ... 166 more ... | "validate_personnel_category"'.
src/hooks/permissions/usePermissionHistory.ts(374,7): error TS2740: Type '{}' is missing the following properties from type 'PermissionHistoryEntry[]': length, pop, push, concat, and 29 more.
src/hooks/permissions/usePermissionHistory.ts(377,24): error TS2559: Type '"获取权限历史失败"' has no properties in common with type 'ErrorHandlerOptions'.
src/hooks/permissions/usePermissionHistory.ts(387,50): error TS2345: Argument of type '"get_role_change_history"' is not assignable to parameter of type '"analyze_function_performance" | "api_system_health" | "apply_base_limits" | "batch_mark_as_paid" | "benchmark_function" | "bulk_update_employee_status" | "calc_payroll_summary" | ... 166 more ... | "validate_personnel_category"'.
src/hooks/permissions/usePermissionHistory.ts(392,7): error TS2740: Type '{}' is missing the following properties from type 'RoleChangeEntry[]': length, pop, push, concat, and 29 more.
src/hooks/permissions/usePermissionHistory.ts(395,24): error TS2559: Type '"获取角色变更历史失败"' has no properties in common with type 'ErrorHandlerOptions'.
src/hooks/permissions/usePermissionHistory.ts(405,50): error TS2345: Argument of type '"get_permission_audit_logs"' is not assignable to parameter of type '"analyze_function_performance" | "api_system_health" | "apply_base_limits" | "batch_mark_as_paid" | "benchmark_function" | "bulk_update_employee_status" | "calc_payroll_summary" | ... 166 more ... | "validate_personnel_category"'.
src/hooks/permissions/usePermissionHistory.ts(417,20): error TS2345: Argument of type '{}' is not assignable to parameter of type 'SetStateAction<PermissionAuditLog[]>'.
src/hooks/permissions/usePermissionHistory.ts(418,7): error TS2740: Type '{}' is missing the following properties from type 'PermissionAuditLog[]': length, pop, push, concat, and 29 more.
src/hooks/permissions/usePermissionHistory.ts(421,24): error TS2559: Type '"获取审计日志失败"' has no properties in common with type 'ErrorHandlerOptions'.
src/hooks/permissions/usePermissionHistory.ts(432,50): error TS2345: Argument of type '"search_audit_logs"' is not assignable to parameter of type '"analyze_function_performance" | "api_system_health" | "apply_base_limits" | "batch_mark_as_paid" | "benchmark_function" | "bulk_update_employee_status" | "calc_payroll_summary" | ... 166 more ... | "validate_personnel_category"'.
src/hooks/permissions/usePermissionHistory.ts(441,7): error TS2740: Type '{}' is missing the following properties from type 'PermissionAuditLog[]': length, pop, push, concat, and 29 more.
src/hooks/permissions/usePermissionHistory.ts(444,24): error TS2559: Type '"搜索审计日志失败"' has no properties in common with type 'ErrorHandlerOptions'.
src/hooks/permissions/usePermissionHistory.ts(454,50): error TS2345: Argument of type '"export_audit_report"' is not assignable to parameter of type '"analyze_function_performance" | "api_system_health" | "apply_base_limits" | "batch_mark_as_paid" | "benchmark_function" | "bulk_update_employee_status" | "calc_payroll_summary" | ... 166 more ... | "validate_personnel_category"'.
src/hooks/permissions/usePermissionHistory.ts(463,14): error TS18046: 'data' is of type 'unknown'.
src/hooks/permissions/usePermissionHistory.ts(466,24): error TS2559: Type '"导出审计报告失败"' has no properties in common with type 'ErrorHandlerOptions'.
src/hooks/permissions/usePermissionHistory.ts(477,50): error TS2345: Argument of type '"generate_compliance_report"' is not assignable to parameter of type '"analyze_function_performance" | "api_system_health" | "apply_base_limits" | "batch_mark_as_paid" | "benchmark_function" | "bulk_update_employee_status" | "calc_payroll_summary" | ... 166 more ... | "validate_personnel_category"'.
src/hooks/permissions/usePermissionHistory.ts(483,7): error TS2322: Type 'unknown' is not assignable to type 'ComplianceReport'.
src/hooks/permissions/usePermissionHistory.ts(486,24): error TS2559: Type '"生成合规性报告失败"' has no properties in common with type 'ErrorHandlerOptions'.
src/hooks/permissions/usePermissionHistory.ts(496,50): error TS2345: Argument of type '"get_security_events"' is not assignable to parameter of type '"analyze_function_performance" | "api_system_health" | "apply_base_limits" | "batch_mark_as_paid" | "benchmark_function" | "bulk_update_employee_status" | "calc_payroll_summary" | ... 166 more ... | "validate_personnel_category"'.
src/hooks/permissions/usePermissionHistory.ts(505,7): error TS2740: Type '{}' is missing the following properties from type 'SecurityEvent[]': length, pop, push, concat, and 29 more.
src/hooks/permissions/usePermissionHistory.ts(508,24): error TS2559: Type '"获取安全事件失败"' has no properties in common with type 'ErrorHandlerOptions'.
src/hooks/permissions/usePermissionHistory.ts(516,50): error TS2345: Argument of type '"get_privilege_escalation_events"' is not assignable to parameter of type '"analyze_function_performance" | "api_system_health" | "apply_base_limits" | "batch_mark_as_paid" | "benchmark_function" | "bulk_update_employee_status" | "calc_payroll_summary" | ... 166 more ... | "validate_personnel_category"'.
src/hooks/permissions/usePermissionHistory.ts(519,7): error TS2740: Type '{}' is missing the following properties from type 'PrivilegeEscalationEvent[]': length, pop, push, concat, and 29 more.
src/hooks/permissions/usePermissionHistory.ts(522,24): error TS2559: Type '"获取特权升级事件失败"' has no properties in common with type 'ErrorHandlerOptions'.
src/hooks/permissions/usePermissionHistory.ts(532,50): error TS2345: Argument of type '"analyze_permission_trends"' is not assignable to parameter of type '"analyze_function_performance" | "api_system_health" | "apply_base_limits" | "batch_mark_as_paid" | "benchmark_function" | "bulk_update_employee_status" | "calc_payroll_summary" | ... 166 more ... | "validate_personnel_category"'.
src/hooks/permissions/usePermissionHistory.ts(539,7): error TS2322: Type 'unknown' is not assignable to type 'PermissionTrends'.
src/hooks/permissions/usePermissionHistory.ts(542,24): error TS2559: Type '"分析权限趋势失败"' has no properties in common with type 'ErrorHandlerOptions'.
src/hooks/permissions/usePermissionHistory.ts(553,50): error TS2345: Argument of type '"get_user_access_patterns"' is not assignable to parameter of type '"analyze_function_performance" | "api_system_health" | "apply_base_limits" | "batch_mark_as_paid" | "benchmark_function" | "bulk_update_employee_status" | "calc_payroll_summary" | ... 166 more ... | "validate_personnel_category"'.
src/hooks/permissions/usePermissionHistory.ts(560,7): error TS2322: Type 'unknown' is not assignable to type 'AccessPatterns'.
src/hooks/permissions/usePermissionHistory.ts(563,24): error TS2559: Type '"获取用户访问模式失败"' has no properties in common with type 'ErrorHandlerOptions'.
src/hooks/permissions/usePermissionHistory.ts(573,50): error TS2345: Argument of type '"get_system_usage_analytics"' is not assignable to parameter of type '"analyze_function_performance" | "api_system_health" | "apply_base_limits" | "batch_mark_as_paid" | "benchmark_function" | "bulk_update_employee_status" | "calc_payroll_summary" | ... 166 more ... | "validate_personnel_category"'.
src/hooks/permissions/usePermissionHistory.ts(579,7): error TS2322: Type 'unknown' is not assignable to type 'SystemUsageAnalytics'.
src/hooks/permissions/usePermissionHistory.ts(582,24): error TS2559: Type '"获取系统使用分析失败"' has no properties in common with type 'ErrorHandlerOptions'.
src/hooks/permissions/usePermissionHistory.ts(594,50): error TS2345: Argument of type '"compare_user_permissions"' is not assignable to parameter of type '"analyze_function_performance" | "api_system_health" | "apply_base_limits" | "batch_mark_as_paid" | "benchmark_function" | "bulk_update_employee_status" | "calc_payroll_summary" | ... 166 more ... | "validate_personnel_category"'.
src/hooks/permissions/usePermissionHistory.ts(601,7): error TS2322: Type 'unknown' is not assignable to type 'PermissionComparison'.
src/hooks/permissions/usePermissionHistory.ts(604,24): error TS2559: Type '"比较用户权限失败"' has no properties in common with type 'ErrorHandlerOptions'.
src/hooks/permissions/usePermissionHistory.ts(615,50): error TS2345: Argument of type '"compare_system_state"' is not assignable to parameter of type '"analyze_function_performance" | "api_system_health" | "apply_base_limits" | "batch_mark_as_paid" | "benchmark_function" | "bulk_update_employee_status" | "calc_payroll_summary" | ... 166 more ... | "validate_personnel_category"'.
src/hooks/permissions/usePermissionHistory.ts(621,7): error TS2322: Type 'unknown' is not assignable to type 'SystemStateComparison'.
src/hooks/permissions/usePermissionHistory.ts(624,24): error TS2559: Type '"比较系统状态失败"' has no properties in common with type 'ErrorHandlerOptions'.
src/hooks/permissions/usePermissionHistory.ts(634,50): error TS2345: Argument of type '"get_restore_points"' is not assignable to parameter of type '"analyze_function_performance" | "api_system_health" | "apply_base_limits" | "batch_mark_as_paid" | "benchmark_function" | "bulk_update_employee_status" | "calc_payroll_summary" | ... 166 more ... | "validate_personnel_category"'.
src/hooks/permissions/usePermissionHistory.ts(639,7): error TS2740: Type '{}' is missing the following properties from type 'RestorePoint[]': length, pop, push, concat, and 29 more.
src/hooks/permissions/usePermissionHistory.ts(642,24): error TS2559: Type '"获取恢复点失败"' has no properties in common with type 'ErrorHandlerOptions'.
src/hooks/permissions/usePermissionHistory.ts(653,50): error TS2345: Argument of type '"create_restore_point"' is not assignable to parameter of type '"analyze_function_performance" | "api_system_health" | "apply_base_limits" | "batch_mark_as_paid" | "benchmark_function" | "bulk_update_employee_status" | "calc_payroll_summary" | ... 166 more ... | "validate_personnel_category"'.
src/hooks/permissions/usePermissionHistory.ts(659,14): error TS18046: 'data' is of type 'unknown'.
src/hooks/permissions/usePermissionHistory.ts(662,24): error TS2559: Type '"创建恢复点失败"' has no properties in common with type 'ErrorHandlerOptions'.
src/hooks/permissions/usePermissionHistory.ts(672,50): error TS2345: Argument of type '"preview_restore"' is not assignable to parameter of type '"analyze_function_performance" | "api_system_health" | "apply_base_limits" | "batch_mark_as_paid" | "benchmark_function" | "bulk_update_employee_status" | "calc_payroll_summary" | ... 166 more ... | "validate_personnel_category"'.
src/hooks/permissions/usePermissionHistory.ts(677,7): error TS2322: Type 'unknown' is not assignable to type 'RestorePreview'.
src/hooks/permissions/usePermissionHistory.ts(680,24): error TS2559: Type '"预览恢复失败"' has no properties in common with type 'ErrorHandlerOptions'.
src/hooks/permissions/usePermissionHistory.ts(691,50): error TS2345: Argument of type '"execute_restore"' is not assignable to parameter of type '"analyze_function_performance" | "api_system_health" | "apply_base_limits" | "batch_mark_as_paid" | "benchmark_function" | "bulk_update_employee_status" | "calc_payroll_summary" | ... 166 more ... | "validate_personnel_category"'.
src/hooks/permissions/usePermissionHistory.ts(697,7): error TS2322: Type 'unknown' is not assignable to type 'RestoreResult'.
src/hooks/permissions/usePermissionHistory.ts(700,24): error TS2559: Type '"执行恢复失败"' has no properties in common with type 'ErrorHandlerOptions'.
src/hooks/permissions/usePermissionHistory.ts(712,22): error TS2345: Argument of type '"get_recent_permission_history"' is not assignable to parameter of type '"analyze_function_performance" | "api_system_health" | "apply_base_limits" | "batch_mark_as_paid" | "benchmark_function" | "bulk_update_employee_status" | "calc_payroll_summary" | ... 166 more ... | "validate_personnel_category"'.
src/hooks/permissions/usePermissionHistory.ts(719,20): error TS2345: Argument of type '{}' is not assignable to parameter of type 'SetStateAction<PermissionHistoryEntry[]>'.
src/hooks/permissions/usePermissionHistory.ts(722,24): error TS2559: Type '"刷新历史数据失败"' has no properties in common with type 'ErrorHandlerOptions'.
src/hooks/permissions/usePermissionHistory.ts(733,50): error TS2345: Argument of type '"archive_old_history_entries"' is not assignable to parameter of type '"analyze_function_performance" | "api_system_health" | "apply_base_limits" | "batch_mark_as_paid" | "benchmark_function" | "bulk_update_employee_status" | "calc_payroll_summary" | ... 166 more ... | "validate_personnel_category"'.
src/hooks/permissions/usePermissionHistory.ts(738,14): error TS18046: 'data' is of type 'unknown'.
src/hooks/permissions/usePermissionHistory.ts(741,24): error TS2559: Type '"归档历史条目失败"' has no properties in common with type 'ErrorHandlerOptions'.
src/hooks/permissions/usePermissionHistory.ts(756,50): error TS2345: Argument of type '"purge_history_data"' is not assignable to parameter of type '"analyze_function_performance" | "api_system_health" | "apply_base_limits" | "batch_mark_as_paid" | "benchmark_function" | "bulk_update_employee_status" | "calc_payroll_summary" | ... 166 more ... | "validate_personnel_category"'.
src/hooks/permissions/usePermissionHistory.ts(762,14): error TS18046: 'data' is of type 'unknown'.
src/hooks/permissions/usePermissionHistory.ts(765,24): error TS2559: Type '"清除历史数据失败"' has no properties in common with type 'ErrorHandlerOptions'.
src/hooks/permissions/usePermissionNotification.ts(31,32): error TS2554: Expected 1 arguments, but got 0.
src/hooks/permissions/usePermissionNotification.ts(44,15): error TS2769: No overload matches this call.
  Overload 1 of 2, '(relation: "departments" | "employees" | "employee_categories" | "payroll_periods" | "insurance_types" | "positions" | "job_ranks" | "special_deduction_types" | "salary_components" | ... 55 more ... | "user_roles"): PostgrestQueryBuilder<...>', gave the following error.
    Argument of type '"user_notifications"' is not assignable to parameter of type '"departments" | "employees" | "employee_categories" | "payroll_periods" | "insurance_types" | "positions" | "job_ranks" | "special_deduction_types" | "salary_components" | ... 55 more ... | "user_roles"'.
  Overload 2 of 2, '(relation: "view_department_payroll_statistics" | "view_employee_basic_info" | "view_employees_active" | "view_employees_all" | "view_employees_deleted" | "view_payroll_period_completeness" | ... 16 more ... | "view_recent_activities"): PostgrestQueryBuilder<...>', gave the following error.
    Argument of type '"user_notifications"' is not assignable to parameter of type '"view_department_payroll_statistics" | "view_employee_basic_info" | "view_employees_active" | "view_employees_all" | "view_employees_deleted" | "view_payroll_period_completeness" | ... 16 more ... | "view_recent_activities"'.
src/hooks/permissions/usePermissionNotification.ts(55,18): error TS2339: Property 'id' does not exist on type '{ created_at: string; date_of_birth: string | null; deleted_at: string | null; employee_name: string | null; employment_status: string; gender: string | null; hire_date: string; ... 5 more ...; user_id: string | null; } | ... 63 more ... | { ...; }'.
  Property 'id' does not exist on type '{ new_id: string; old_id: number; }'.
src/hooks/permissions/usePermissionNotification.ts(56,23): error TS2339: Property 'user_id' does not exist on type '{ created_at: string; date_of_birth: string | null; deleted_at: string | null; employee_name: string | null; employment_status: string; gender: string | null; hire_date: string; ... 5 more ...; user_id: string | null; } | ... 63 more ... | { ...; }'.
  Property 'user_id' does not exist on type '{ contact_details: string; contact_type: "personal_email" | "work_email" | "mobile_phone" | "home_phone" | "address"; created_at: string | null; employee_id: string; id: string; is_primary: boolean | null; updated_at: string | null; }'.
src/hooks/permissions/usePermissionNotification.ts(57,20): error TS2339: Property 'type' does not exist on type '{ created_at: string; date_of_birth: string | null; deleted_at: string | null; employee_name: string | null; employment_status: string; gender: string | null; hire_date: string; ... 5 more ...; user_id: string | null; } | ... 63 more ... | { ...; }'.
  Property 'type' does not exist on type '{ created_at: string; date_of_birth: string | null; deleted_at: string | null; employee_name: string | null; employment_status: string; gender: string | null; hire_date: string; id: string; ... 4 more ...; user_id: string | null; }'.
src/hooks/permissions/usePermissionNotification.ts(58,21): error TS2339: Property 'title' does not exist on type '{ created_at: string; date_of_birth: string | null; deleted_at: string | null; employee_name: string | null; employment_status: string; gender: string | null; hire_date: string; ... 5 more ...; user_id: string | null; } | ... 63 more ... | { ...; }'.
  Property 'title' does not exist on type '{ created_at: string; date_of_birth: string | null; deleted_at: string | null; employee_name: string | null; employment_status: string; gender: string | null; hire_date: string; id: string; ... 4 more ...; user_id: string | null; }'.
src/hooks/permissions/usePermissionNotification.ts(59,23): error TS2339: Property 'message' does not exist on type '{ created_at: string; date_of_birth: string | null; deleted_at: string | null; employee_name: string | null; employment_status: string; gender: string | null; hire_date: string; ... 5 more ...; user_id: string | null; } | ... 63 more ... | { ...; }'.
  Property 'message' does not exist on type '{ created_at: string; date_of_birth: string | null; deleted_at: string | null; employee_name: string | null; employment_status: string; gender: string | null; hire_date: string; id: string; ... 4 more ...; user_id: string | null; }'.
src/hooks/permissions/usePermissionNotification.ts(60,23): error TS2339: Property 'is_read' does not exist on type '{ created_at: string; date_of_birth: string | null; deleted_at: string | null; employee_name: string | null; employment_status: string; gender: string | null; hire_date: string; ... 5 more ...; user_id: string | null; } | ... 63 more ... | { ...; }'.
  Property 'is_read' does not exist on type '{ created_at: string; date_of_birth: string | null; deleted_at: string | null; employee_name: string | null; employment_status: string; gender: string | null; hire_date: string; id: string; ... 4 more ...; user_id: string | null; }'.
src/hooks/permissions/usePermissionNotification.ts(61,26): error TS2339: Property 'created_at' does not exist on type '{ created_at: string; date_of_birth: string | null; deleted_at: string | null; employee_name: string | null; employment_status: string; gender: string | null; hire_date: string; ... 5 more ...; user_id: string | null; } | ... 63 more ... | { ...; }'.
  Property 'created_at' does not exist on type '{ deleted_at: string | null; deleted_by: string | null; deleted_data: Json; id: string; reason: string | null; record_id: string | null; table_name: string; }'.
src/hooks/permissions/usePermissionNotification.ts(62,24): error TS2339: Property 'metadata' does not exist on type '{ created_at: string; date_of_birth: string | null; deleted_at: string | null; employee_name: string | null; employment_status: string; gender: string | null; hire_date: string; ... 5 more ...; user_id: string | null; } | ... 63 more ... | { ...; }'.
  Property 'metadata' does not exist on type '{ created_at: string; date_of_birth: string | null; deleted_at: string | null; employee_name: string | null; employment_status: string; gender: string | null; hire_date: string; id: string; ... 4 more ...; user_id: string | null; }'.
src/hooks/permissions/usePermissionNotification.ts(88,15): error TS2769: No overload matches this call.
  Overload 1 of 2, '(relation: "departments" | "employees" | "employee_categories" | "payroll_periods" | "insurance_types" | "positions" | "job_ranks" | "special_deduction_types" | "salary_components" | ... 55 more ... | "user_roles"): PostgrestQueryBuilder<...>', gave the following error.
    Argument of type '"user_notifications"' is not assignable to parameter of type '"departments" | "employees" | "employee_categories" | "payroll_periods" | "insurance_types" | "positions" | "job_ranks" | "special_deduction_types" | "salary_components" | ... 55 more ... | "user_roles"'.
  Overload 2 of 2, '(relation: "view_department_payroll_statistics" | "view_employee_basic_info" | "view_employees_active" | "view_employees_all" | "view_employees_deleted" | "view_payroll_period_completeness" | ... 16 more ... | "view_recent_activities"): PostgrestQueryBuilder<...>', gave the following error.
    Argument of type '"user_notifications"' is not assignable to parameter of type '"view_department_payroll_statistics" | "view_employee_basic_info" | "view_employees_active" | "view_employees_all" | "view_employees_deleted" | "view_payroll_period_completeness" | ... 16 more ... | "view_recent_activities"'.
src/hooks/permissions/usePermissionNotification.ts(119,15): error TS2769: No overload matches this call.
  Overload 1 of 2, '(relation: "departments" | "employees" | "employee_categories" | "payroll_periods" | "insurance_types" | "positions" | "job_ranks" | "special_deduction_types" | "salary_components" | ... 55 more ... | "user_roles"): PostgrestQueryBuilder<...>', gave the following error.
    Argument of type '"user_notifications"' is not assignable to parameter of type '"departments" | "employees" | "employee_categories" | "payroll_periods" | "insurance_types" | "positions" | "job_ranks" | "special_deduction_types" | "salary_components" | ... 55 more ... | "user_roles"'.
  Overload 2 of 2, '(relation: "view_department_payroll_statistics" | "view_employee_basic_info" | "view_employees_active" | "view_employees_all" | "view_employees_deleted" | "view_payroll_period_completeness" | ... 16 more ... | "view_recent_activities"): PostgrestQueryBuilder<...>', gave the following error.
    Argument of type '"user_notifications"' is not assignable to parameter of type '"view_department_payroll_statistics" | "view_employee_basic_info" | "view_employees_active" | "view_employees_all" | "view_employees_deleted" | "view_payroll_period_completeness" | ... 16 more ... | "view_recent_activities"'.
src/hooks/permissions/usePermissionNotification.ts(167,15): error TS2769: No overload matches this call.
  Overload 1 of 2, '(relation: "departments" | "employees" | "employee_categories" | "payroll_periods" | "insurance_types" | "positions" | "job_ranks" | "special_deduction_types" | "salary_components" | ... 55 more ... | "user_roles"): PostgrestQueryBuilder<...>', gave the following error.
    Argument of type '"user_notifications"' is not assignable to parameter of type '"departments" | "employees" | "employee_categories" | "payroll_periods" | "insurance_types" | "positions" | "job_ranks" | "special_deduction_types" | "salary_components" | ... 55 more ... | "user_roles"'.
  Overload 2 of 2, '(relation: "view_department_payroll_statistics" | "view_employee_basic_info" | "view_employees_active" | "view_employees_all" | "view_employees_deleted" | "view_payroll_period_completeness" | ... 16 more ... | "view_recent_activities"): PostgrestQueryBuilder<...>', gave the following error.
    Argument of type '"user_notifications"' is not assignable to parameter of type '"view_department_payroll_statistics" | "view_employee_basic_info" | "view_employees_active" | "view_employees_all" | "view_employees_deleted" | "view_payroll_period_completeness" | ... 16 more ... | "view_recent_activities"'.
src/hooks/permissions/usePermissionNotification.ts(210,15): error TS2769: No overload matches this call.
  Overload 1 of 2, '(relation: "departments" | "employees" | "employee_categories" | "payroll_periods" | "insurance_types" | "positions" | "job_ranks" | "special_deduction_types" | "salary_components" | ... 55 more ... | "user_roles"): PostgrestQueryBuilder<...>', gave the following error.
    Argument of type '"user_notifications"' is not assignable to parameter of type '"departments" | "employees" | "employee_categories" | "payroll_periods" | "insurance_types" | "positions" | "job_ranks" | "special_deduction_types" | "salary_components" | ... 55 more ... | "user_roles"'.
  Overload 2 of 2, '(relation: "view_department_payroll_statistics" | "view_employee_basic_info" | "view_employees_active" | "view_employees_all" | "view_employees_deleted" | "view_payroll_period_completeness" | ... 16 more ... | "view_recent_activities"): PostgrestQueryBuilder<...>', gave the following error.
    Argument of type '"user_notifications"' is not assignable to parameter of type '"view_department_payroll_statistics" | "view_employee_basic_info" | "view_employees_active" | "view_employees_all" | "view_employees_deleted" | "view_payroll_period_completeness" | ... 16 more ... | "view_recent_activities"'.
src/hooks/permissions/usePermissionNotification.ts(383,5): error TS2561: Object literal may only specify known properties, but 'autoMarkAsRead' does not exist in type 'UsePermissionNotificationReturn'. Did you mean to write 'markAsRead'?
src/hooks/permissions/usePermissionOverride.ts(189,24): error TS2339: Property 'error' does not exist on type '{ handleError: (error: any, options?: ErrorHandlerOptions) => { message: string; code: string | undefined; }; createErrorHandler: (defaultOptions?: ErrorHandlerOptions) => (error: any, options?: ErrorHandlerOptions) => { ...; }; handleNetworkError: (error: any, options?: ErrorHandlerOptions) => { ...; }; handleValid...'.
src/hooks/permissions/usePermissionOverride.ts(211,14): error TS2345: Argument of type '"detect_all_permission_conflicts"' is not assignable to parameter of type '"analyze_function_performance" | "api_system_health" | "apply_base_limits" | "batch_mark_as_paid" | "benchmark_function" | "bulk_update_employee_status" | "calc_payroll_summary" | ... 166 more ... | "validate_personnel_category"'.
src/hooks/permissions/usePermissionOverride.ts(217,15): error TS2769: No overload matches this call.
  Overload 1 of 2, '(relation: "departments" | "employees" | "employee_categories" | "payroll_periods" | "insurance_types" | "positions" | "job_ranks" | "special_deduction_types" | "salary_components" | ... 55 more ... | "user_roles"): PostgrestQueryBuilder<...>', gave the following error.
    Argument of type '"permission_override_templates"' is not assignable to parameter of type '"departments" | "employees" | "employee_categories" | "payroll_periods" | "insurance_types" | "positions" | "job_ranks" | "special_deduction_types" | "salary_components" | ... 55 more ... | "user_roles"'.
  Overload 2 of 2, '(relation: "view_department_payroll_statistics" | "view_employee_basic_info" | "view_employees_active" | "view_employees_all" | "view_employees_deleted" | "view_payroll_period_completeness" | ... 16 more ... | "view_recent_activities"): PostgrestQueryBuilder<...>', gave the following error.
    Argument of type '"permission_override_templates"' is not assignable to parameter of type '"view_department_payroll_statistics" | "view_employee_basic_info" | "view_employees_active" | "view_employees_all" | "view_employees_deleted" | "view_payroll_period_completeness" | ... 16 more ... | "view_recent_activities"'.
src/hooks/permissions/usePermissionOverride.ts(223,20): error TS2345: Argument of type '{ expires_at: string | null; granted_at: string | null; granted_by: string | null; id: string; is_active: boolean | null; override_type: string; permission_id: string; reason: string | null; user_id: string; user_profiles: SelectQueryError<...>; permissions: { ...; }; permission_resources: SelectQueryError<...>; }[]' is not assignable to parameter of type 'SetStateAction<PermissionOverride[]>'.
  Type '{ expires_at: string | null; granted_at: string | null; granted_by: string | null; id: string; is_active: boolean | null; override_type: string; permission_id: string; reason: string | null; user_id: string; user_profiles: SelectQueryError<...>; permissions: { ...; }; permission_resources: SelectQueryError<...>; }[]' is not assignable to type 'PermissionOverride[]'.
    Type '{ expires_at: string | null; granted_at: string | null; granted_by: string | null; id: string; is_active: boolean | null; override_type: string; permission_id: string; reason: string | null; user_id: string; user_profiles: SelectQueryError<...>; permissions: { ...; }; permission_resources: SelectQueryError<...>; }' is missing the following properties from type 'PermissionOverride': userId, userName, userEmail, permissionId, and 8 more.
src/hooks/permissions/usePermissionOverride.ts(224,20): error TS2345: Argument of type '{}' is not assignable to parameter of type 'SetStateAction<OverrideConflict[]>'.
src/hooks/permissions/usePermissionOverride.ts(225,20): error TS2345: Argument of type '({ created_at: string; date_of_birth: string | null; deleted_at: string | null; employee_name: string | null; employment_status: string; gender: string | null; hire_date: string; ... 5 more ...; user_id: string | null; } | ... 63 more ... | { ...; })[]' is not assignable to parameter of type 'SetStateAction<OverrideTemplate[]>'.
  Type '({ created_at: string; date_of_birth: string | null; deleted_at: string | null; employee_name: string | null; employment_status: string; gender: string | null; hire_date: string; ... 5 more ...; user_id: string | null; } | ... 63 more ... | { ...; })[]' is not assignable to type 'OverrideTemplate[]'.
    Type '{ created_at: string; date_of_birth: string | null; deleted_at: string | null; employee_name: string | null; employment_status: string; gender: string | null; hire_date: string; ... 5 more ...; user_id: string | null; } | ... 63 more ... | { ...; }' is not assignable to type 'OverrideTemplate'.
      Type '{ created_at: string; date_of_birth: string | null; deleted_at: string | null; employee_name: string | null; employment_status: string; gender: string | null; hire_date: string; id: string; ... 4 more ...; user_id: string | null; }' is missing the following properties from type 'OverrideTemplate': name, description, overrides, isPublic, and 5 more.
src/hooks/permissions/usePermissionOverride.ts(228,24): error TS2559: Type '"获取权限覆盖数据失败"' has no properties in common with type 'ErrorHandlerOptions'.
src/hooks/permissions/usePermissionOverride.ts(263,24): error TS2559: Type '"创建权限覆盖失败"' has no properties in common with type 'ErrorHandlerOptions'.
src/hooks/permissions/usePermissionOverride.ts(292,24): error TS2559: Type '"更新权限覆盖失败"' has no properties in common with type 'ErrorHandlerOptions'.
src/hooks/permissions/usePermissionOverride.ts(319,24): error TS2559: Type '"移除权限覆盖失败"' has no properties in common with type 'ErrorHandlerOptions'.
src/hooks/permissions/usePermissionOverride.ts(369,50): error TS2345: Argument of type '"detect_user_permission_conflicts"' is not assignable to parameter of type '"analyze_function_performance" | "api_system_health" | "apply_base_limits" | "batch_mark_as_paid" | "benchmark_function" | "bulk_update_employee_status" | "calc_payroll_summary" | ... 166 more ... | "validate_personnel_category"'.
src/hooks/permissions/usePermissionOverride.ts(374,7): error TS2740: Type '{}' is missing the following properties from type 'OverrideConflict[]': length, pop, push, concat, and 29 more.
src/hooks/permissions/usePermissionOverride.ts(377,24): error TS2559: Type '"检测权限冲突失败"' has no properties in common with type 'ErrorHandlerOptions'.
src/hooks/permissions/usePermissionOverride.ts(388,44): error TS2345: Argument of type '"resolve_permission_conflict"' is not assignable to parameter of type '"analyze_function_performance" | "api_system_health" | "apply_base_limits" | "batch_mark_as_paid" | "benchmark_function" | "bulk_update_employee_status" | "calc_payroll_summary" | ... 166 more ... | "validate_personnel_category"'.
src/hooks/permissions/usePermissionOverride.ts(400,24): error TS2559: Type '"解决权限冲突失败"' has no properties in common with type 'ErrorHandlerOptions'.
src/hooks/permissions/usePermissionOverride.ts(410,50): error TS2345: Argument of type '"get_conflict_resolution_suggestions"' is not assignable to parameter of type '"analyze_function_performance" | "api_system_health" | "apply_base_limits" | "batch_mark_as_paid" | "benchmark_function" | "bulk_update_employee_status" | "calc_payroll_summary" | ... 166 more ... | "validate_personnel_category"'.
src/hooks/permissions/usePermissionOverride.ts(415,7): error TS2740: Type '{}' is missing the following properties from type 'ResolutionSuggestion[]': length, pop, push, concat, and 29 more.
src/hooks/permissions/usePermissionOverride.ts(418,24): error TS2559: Type '"获取冲突解决建议失败"' has no properties in common with type 'ErrorHandlerOptions'.
src/hooks/permissions/usePermissionOverride.ts(439,7): error TS2322: Type '{ expires_at: string | null; granted_at: string | null; granted_by: string | null; id: string; is_active: boolean | null; override_type: string; permission_id: string; reason: string | null; user_id: string; permissions: { ...; }; permission_resources: SelectQueryError<...>; }[]' is not assignable to type 'PermissionOverride[]'.
  Type '{ expires_at: string | null; granted_at: string | null; granted_by: string | null; id: string; is_active: boolean | null; override_type: string; permission_id: string; reason: string | null; user_id: string; permissions: { ...; }; permission_resources: SelectQueryError<...>; }' is missing the following properties from type 'PermissionOverride': userId, userName, userEmail, permissionId, and 8 more.
src/hooks/permissions/usePermissionOverride.ts(442,24): error TS2559: Type '"获取用户权限覆盖失败"' has no properties in common with type 'ErrorHandlerOptions'.
src/hooks/permissions/usePermissionOverride.ts(454,15): error TS2769: No overload matches this call.
  Overload 1 of 2, '(relation: "departments" | "employees" | "employee_categories" | "payroll_periods" | "insurance_types" | "positions" | "job_ranks" | "special_deduction_types" | "salary_components" | ... 55 more ... | "user_roles"): PostgrestQueryBuilder<...>', gave the following error.
    Argument of type '"permission_override_history"' is not assignable to parameter of type '"departments" | "employees" | "employee_categories" | "payroll_periods" | "insurance_types" | "positions" | "job_ranks" | "special_deduction_types" | "salary_components" | ... 55 more ... | "user_roles"'.
  Overload 2 of 2, '(relation: "view_department_payroll_statistics" | "view_employee_basic_info" | "view_employees_active" | "view_employees_all" | "view_employees_deleted" | "view_payroll_period_completeness" | ... 16 more ... | "view_recent_activities"): PostgrestQueryBuilder<...>', gave the following error.
    Argument of type '"permission_override_history"' is not assignable to parameter of type '"view_department_payroll_statistics" | "view_employee_basic_info" | "view_employees_active" | "view_employees_all" | "view_employees_deleted" | "view_payroll_period_completeness" | ... 16 more ... | "view_recent_activities"'.
src/hooks/permissions/usePermissionOverride.ts(465,7): error TS2322: Type '({ created_at: string; date_of_birth: string | null; deleted_at: string | null; employee_name: string | null; employment_status: string; gender: string | null; hire_date: string; ... 5 more ...; user_id: string | null; } | ... 63 more ... | { ...; })[]' is not assignable to type 'OverrideHistoryEntry[]'.
  Type '{ created_at: string; date_of_birth: string | null; deleted_at: string | null; employee_name: string | null; employment_status: string; gender: string | null; hire_date: string; ... 5 more ...; user_id: string | null; } | ... 63 more ... | { ...; }' is not assignable to type 'OverrideHistoryEntry'.
    Type '{ created_at: string; date_of_birth: string | null; deleted_at: string | null; employee_name: string | null; employment_status: string; gender: string | null; hire_date: string; id: string; ... 4 more ...; user_id: string | null; }' is missing the following properties from type 'OverrideHistoryEntry': overrideId, changeType, changedBy, changedAt
src/hooks/permissions/usePermissionOverride.ts(468,24): error TS2559: Type '"获取覆盖历史失败"' has no properties in common with type 'ErrorHandlerOptions'.
src/hooks/permissions/usePermissionOverride.ts(507,7): error TS2322: Type '{ expires_at: string | null; granted_at: string | null; granted_by: string | null; id: string; is_active: boolean | null; override_type: string; permission_id: string; reason: string | null; user_id: string; user_profiles: SelectQueryError<...>; permissions: { ...; }; permission_resources: SelectQueryError<...>; }[]' is not assignable to type 'PermissionOverride[]'.
  Type '{ expires_at: string | null; granted_at: string | null; granted_by: string | null; id: string; is_active: boolean | null; override_type: string; permission_id: string; reason: string | null; user_id: string; user_profiles: SelectQueryError<...>; permissions: { ...; }; permission_resources: SelectQueryError<...>; }' is missing the following properties from type 'PermissionOverride': userId, userName, userEmail, permissionId, and 8 more.
src/hooks/permissions/usePermissionOverride.ts(510,24): error TS2559: Type '"获取活跃权限覆盖失败"' has no properties in common with type 'ErrorHandlerOptions'.
src/hooks/permissions/usePermissionOverride.ts(521,15): error TS2769: No overload matches this call.
  Overload 1 of 2, '(relation: "departments" | "employees" | "employee_categories" | "payroll_periods" | "insurance_types" | "positions" | "job_ranks" | "special_deduction_types" | "salary_components" | ... 55 more ... | "user_roles"): PostgrestQueryBuilder<...>', gave the following error.
    Argument of type '"permission_override_templates"' is not assignable to parameter of type '"departments" | "employees" | "employee_categories" | "payroll_periods" | "insurance_types" | "positions" | "job_ranks" | "special_deduction_types" | "salary_components" | ... 55 more ... | "user_roles"'.
  Overload 2 of 2, '(relation: "view_department_payroll_statistics" | "view_employee_basic_info" | "view_employees_active" | "view_employees_all" | "view_employees_deleted" | "view_payroll_period_completeness" | ... 16 more ... | "view_recent_activities"): PostgrestQueryBuilder<...>', gave the following error.
    Argument of type '"permission_override_templates"' is not assignable to parameter of type '"view_department_payroll_statistics" | "view_employee_basic_info" | "view_employees_active" | "view_employees_all" | "view_employees_deleted" | "view_payroll_period_completeness" | ... 16 more ... | "view_recent_activities"'.
src/hooks/permissions/usePermissionOverride.ts(540,19): error TS2339: Property 'id' does not exist on type 'SelectQueryError<"column 'id' does not exist on 'departments'."> | SelectQueryError<"column 'id' does not exist on 'employees'."> | ... 62 more ... | SelectQueryError<...>'.
  Property 'id' does not exist on type 'SelectQueryError<"column 'id' does not exist on 'departments'.">'.
src/hooks/permissions/usePermissionOverride.ts(543,24): error TS2559: Type '"创建覆盖模板失败"' has no properties in common with type 'ErrorHandlerOptions'.
src/hooks/permissions/usePermissionOverride.ts(554,50): error TS2345: Argument of type '"apply_override_template"' is not assignable to parameter of type '"analyze_function_performance" | "api_system_health" | "apply_base_limits" | "batch_mark_as_paid" | "benchmark_function" | "bulk_update_employee_status" | "calc_payroll_summary" | ... 166 more ... | "validate_personnel_category"'.
src/hooks/permissions/usePermissionOverride.ts(564,7): error TS2740: Type '{}' is missing the following properties from type 'PermissionOverride[]': length, pop, push, concat, and 29 more.
src/hooks/permissions/usePermissionOverride.ts(567,24): error TS2559: Type '"应用覆盖模板失败"' has no properties in common with type 'ErrorHandlerOptions'.
src/hooks/permissions/usePermissionOverride.ts(579,50): error TS2345: Argument of type '"analyze_override_impact"' is not assignable to parameter of type '"analyze_function_performance" | "api_system_health" | "apply_base_limits" | "batch_mark_as_paid" | "benchmark_function" | "bulk_update_employee_status" | "calc_payroll_summary" | ... 166 more ... | "validate_personnel_category"'.
src/hooks/permissions/usePermissionOverride.ts(586,7): error TS2322: Type 'unknown' is not assignable to type 'OverrideImpact'.
src/hooks/permissions/usePermissionOverride.ts(589,24): error TS2559: Type '"分析覆盖影响失败"' has no properties in common with type 'ErrorHandlerOptions'.
src/hooks/permissions/usePermissionOverride.ts(601,50): error TS2345: Argument of type '"validate_permission_override"' is not assignable to parameter of type '"analyze_function_performance" | "api_system_health" | "apply_base_limits" | "batch_mark_as_paid" | "benchmark_function" | "bulk_update_employee_status" | "calc_payroll_summary" | ... 166 more ... | "validate_personnel_category"'.
src/hooks/permissions/usePermissionOverride.ts(608,7): error TS2322: Type 'unknown' is not assignable to type 'OverrideValidation'.
src/hooks/permissions/usePermissionOverride.ts(611,24): error TS2559: Type '"验证权限覆盖失败"' has no properties in common with type 'ErrorHandlerOptions'.
src/hooks/permissions/usePermissionOverride.ts(621,50): error TS2345: Argument of type '"batch_create_overrides"' is not assignable to parameter of type '"analyze_function_performance" | "api_system_health" | "apply_base_limits" | "batch_mark_as_paid" | "benchmark_function" | "bulk_update_employee_status" | "calc_payroll_summary" | ... 166 more ... | "validate_personnel_category"'.
src/hooks/permissions/usePermissionOverride.ts(630,7): error TS2322: Type 'unknown' is not assignable to type 'BatchOverrideResult'.
src/hooks/permissions/usePermissionOverride.ts(633,24): error TS2559: Type '"批量创建权限覆盖失败"' has no properties in common with type 'ErrorHandlerOptions'.
src/hooks/permissions/usePermissionOverride.ts(644,50): error TS2345: Argument of type '"batch_remove_overrides"' is not assignable to parameter of type '"analyze_function_performance" | "api_system_health" | "apply_base_limits" | "batch_mark_as_paid" | "benchmark_function" | "bulk_update_employee_status" | "calc_payroll_summary" | ... 166 more ... | "validate_personnel_category"'.
src/hooks/permissions/usePermissionOverride.ts(654,7): error TS2322: Type 'unknown' is not assignable to type 'BatchOverrideResult'.
src/hooks/permissions/usePermissionOverride.ts(657,24): error TS2559: Type '"批量移除权限覆盖失败"' has no properties in common with type 'ErrorHandlerOptions'.
src/hooks/permissions/usePermissionRequest.ts(72,17): error TS2769: No overload matches this call.
  Overload 1 of 2, '(values: { created_at?: string | null | undefined; expires_at?: string | null | undefined; id?: string | undefined; metadata?: Json | undefined; permission_id: string; reason: string; ... 6 more ...; updated_at?: string | ... 1 more ... | undefined; }, options?: { ...; } | undefined): PostgrestFilterBuilder<...>', gave the following error.
    Argument of type '{ user_id: string; permission: Permission; resource_id: string | undefined; reason: string; status: PermissionRequestStatus; requested_at: string; expires_at: string; metadata: { ...; }; }' is not assignable to parameter of type '{ created_at?: string | null | undefined; expires_at?: string | null | undefined; id?: string | undefined; metadata?: Json | undefined; permission_id: string; reason: string; request_type: string; ... 5 more ...; updated_at?: string | ... 1 more ... | undefined; }'.
      Type '{ user_id: string; permission: Permission; resource_id: string | undefined; reason: string; status: PermissionRequestStatus; requested_at: string; expires_at: string; metadata: { ...; }; }' is missing the following properties from type '{ created_at?: string | null | undefined; expires_at?: string | null | undefined; id?: string | undefined; metadata?: Json | undefined; permission_id: string; reason: string; request_type: string; ... 5 more ...; updated_at?: string | ... 1 more ... | undefined; }': permission_id, request_type, requester_id
  Overload 2 of 2, '(values: { created_at?: string | null | undefined; expires_at?: string | null | undefined; id?: string | undefined; metadata?: Json | undefined; permission_id: string; reason: string; ... 6 more ...; updated_at?: string | ... 1 more ... | undefined; }[], options?: { ...; } | undefined): PostgrestFilterBuilder<...>', gave the following error.
    Argument of type '{ user_id: string; permission: Permission; resource_id: string | undefined; reason: string; status: PermissionRequestStatus; requested_at: string; expires_at: string; metadata: { ...; }; }' is not assignable to parameter of type '{ created_at?: string | null | undefined; expires_at?: string | null | undefined; id?: string | undefined; metadata?: Json | undefined; permission_id: string; reason: string; request_type: string; ... 5 more ...; updated_at?: string | ... 1 more ... | undefined; }[]'.
      Type '{ user_id: string; permission: Permission; resource_id: string | undefined; reason: string; status: PermissionRequestStatus; requested_at: string; expires_at: string; metadata: { ...; }; }' is missing the following properties from type '{ created_at?: string | null | undefined; expires_at?: string | null | undefined; id?: string | undefined; metadata?: Json | undefined; permission_id: string; reason: string; request_type: string; ... 5 more ...; updated_at?: string | ... 1 more ... | undefined; }[]': length, pop, push, concat, and 29 more.
src/hooks/permissions/usePermissionRequest.ts(130,17): error TS2769: No overload matches this call.
  Overload 1 of 2, '(values: { created_at?: string | null | undefined; expires_at?: string | null | undefined; id?: string | undefined; metadata?: Json | undefined; permission_id: string; reason: string; ... 6 more ...; updated_at?: string | ... 1 more ... | undefined; }, options?: { ...; } | undefined): PostgrestFilterBuilder<...>', gave the following error.
    Argument of type '{ user_id: string; permission: Permission; reason: string; status: PermissionRequestStatus; requested_at: string; expires_at: string; metadata: { user_email: string; user_role: string; request_type: string; duration_ms: number; temp_expires_at: string; }; }' is not assignable to parameter of type '{ created_at?: string | null | undefined; expires_at?: string | null | undefined; id?: string | undefined; metadata?: Json | undefined; permission_id: string; reason: string; request_type: string; ... 5 more ...; updated_at?: string | ... 1 more ... | undefined; }'.
      Type '{ user_id: string; permission: Permission; reason: string; status: PermissionRequestStatus; requested_at: string; expires_at: string; metadata: { user_email: string; user_role: string; request_type: string; duration_ms: number; temp_expires_at: string; }; }' is missing the following properties from type '{ created_at?: string | null | undefined; expires_at?: string | null | undefined; id?: string | undefined; metadata?: Json | undefined; permission_id: string; reason: string; request_type: string; ... 5 more ...; updated_at?: string | ... 1 more ... | undefined; }': permission_id, request_type, requester_id
  Overload 2 of 2, '(values: { created_at?: string | null | undefined; expires_at?: string | null | undefined; id?: string | undefined; metadata?: Json | undefined; permission_id: string; reason: string; ... 6 more ...; updated_at?: string | ... 1 more ... | undefined; }[], options?: { ...; } | undefined): PostgrestFilterBuilder<...>', gave the following error.
    Argument of type '{ user_id: string; permission: Permission; reason: string; status: PermissionRequestStatus; requested_at: string; expires_at: string; metadata: { user_email: string; user_role: string; request_type: string; duration_ms: number; temp_expires_at: string; }; }' is not assignable to parameter of type '{ created_at?: string | null | undefined; expires_at?: string | null | undefined; id?: string | undefined; metadata?: Json | undefined; permission_id: string; reason: string; request_type: string; ... 5 more ...; updated_at?: string | ... 1 more ... | undefined; }[]'.
      Type '{ user_id: string; permission: Permission; reason: string; status: PermissionRequestStatus; requested_at: string; expires_at: string; metadata: { user_email: string; user_role: string; request_type: string; duration_ms: number; temp_expires_at: string; }; }' is missing the following properties from type '{ created_at?: string | null | undefined; expires_at?: string | null | undefined; id?: string | undefined; metadata?: Json | undefined; permission_id: string; reason: string; request_type: string; ... 5 more ...; updated_at?: string | ... 1 more ... | undefined; }[]': length, pop, push, concat, and 29 more.
src/hooks/permissions/usePermissionRequest.ts(181,18): error TS2339: Property 'id' does not exist on type 'SelectQueryError<"column 'permission' does not exist on 'permission_requests'.">'.
src/hooks/permissions/usePermissionRequest.ts(183,26): error TS2339: Property 'permission' does not exist on type 'SelectQueryError<"column 'permission' does not exist on 'permission_requests'.">'.
src/hooks/permissions/usePermissionRequest.ts(184,26): error TS2339: Property 'resource_id' does not exist on type 'SelectQueryError<"column 'permission' does not exist on 'permission_requests'.">'.
src/hooks/permissions/usePermissionRequest.ts(185,22): error TS2339: Property 'reason' does not exist on type 'SelectQueryError<"column 'permission' does not exist on 'permission_requests'.">'.
src/hooks/permissions/usePermissionRequest.ts(186,22): error TS2339: Property 'status' does not exist on type 'SelectQueryError<"column 'permission' does not exist on 'permission_requests'.">'.
src/hooks/permissions/usePermissionRequest.ts(187,36): error TS2339: Property 'requested_at' does not exist on type 'SelectQueryError<"column 'permission' does not exist on 'permission_requests'.">'.
src/hooks/permissions/usePermissionRequest.ts(188,27): error TS2339: Property 'processed_at' does not exist on type 'SelectQueryError<"column 'permission' does not exist on 'permission_requests'.">'.
src/hooks/permissions/usePermissionRequest.ts(188,56): error TS2339: Property 'processed_at' does not exist on type 'SelectQueryError<"column 'permission' does not exist on 'permission_requests'.">'.
src/hooks/permissions/usePermissionRequest.ts(189,27): error TS2339: Property 'processed_by' does not exist on type 'SelectQueryError<"column 'permission' does not exist on 'permission_requests'.">'.
src/hooks/permissions/usePermissionRequest.ts(190,25): error TS2339: Property 'expires_at' does not exist on type 'SelectQueryError<"column 'permission' does not exist on 'permission_requests'.">'.
src/hooks/permissions/usePermissionRequest.ts(190,52): error TS2339: Property 'expires_at' does not exist on type 'SelectQueryError<"column 'permission' does not exist on 'permission_requests'.">'.
src/hooks/permissions/usePermissionRequest.ts(191,24): error TS2339: Property 'metadata' does not exist on type 'SelectQueryError<"column 'permission' does not exist on 'permission_requests'.">'.
src/hooks/permissions/usePermissionRequest.ts(249,18): error TS2339: Property 'id' does not exist on type 'SelectQueryError<"column 'user_id' does not exist on 'permission_requests'.">'.
src/hooks/permissions/usePermissionRequest.ts(250,22): error TS2339: Property 'user_id' does not exist on type 'SelectQueryError<"column 'user_id' does not exist on 'permission_requests'.">'.
src/hooks/permissions/usePermissionRequest.ts(251,26): error TS2339: Property 'permission' does not exist on type 'SelectQueryError<"column 'user_id' does not exist on 'permission_requests'.">'.
src/hooks/permissions/usePermissionRequest.ts(252,26): error TS2339: Property 'resource_id' does not exist on type 'SelectQueryError<"column 'user_id' does not exist on 'permission_requests'.">'.
src/hooks/permissions/usePermissionRequest.ts(253,22): error TS2339: Property 'reason' does not exist on type 'SelectQueryError<"column 'user_id' does not exist on 'permission_requests'.">'.
src/hooks/permissions/usePermissionRequest.ts(254,22): error TS2339: Property 'status' does not exist on type 'SelectQueryError<"column 'user_id' does not exist on 'permission_requests'.">'.
src/hooks/permissions/usePermissionRequest.ts(255,36): error TS2339: Property 'requested_at' does not exist on type 'SelectQueryError<"column 'user_id' does not exist on 'permission_requests'.">'.
src/hooks/permissions/usePermissionRequest.ts(256,27): error TS2339: Property 'processed_at' does not exist on type 'SelectQueryError<"column 'user_id' does not exist on 'permission_requests'.">'.
src/hooks/permissions/usePermissionRequest.ts(256,56): error TS2339: Property 'processed_at' does not exist on type 'SelectQueryError<"column 'user_id' does not exist on 'permission_requests'.">'.
src/hooks/permissions/usePermissionRequest.ts(257,27): error TS2339: Property 'processed_by' does not exist on type 'SelectQueryError<"column 'user_id' does not exist on 'permission_requests'.">'.
src/hooks/permissions/usePermissionRequest.ts(258,25): error TS2339: Property 'expires_at' does not exist on type 'SelectQueryError<"column 'user_id' does not exist on 'permission_requests'.">'.
src/hooks/permissions/usePermissionRequest.ts(258,52): error TS2339: Property 'expires_at' does not exist on type 'SelectQueryError<"column 'user_id' does not exist on 'permission_requests'.">'.
src/hooks/permissions/usePermissionRequest.ts(260,19): error TS2339: Property 'metadata' does not exist on type 'SelectQueryError<"column 'user_id' does not exist on 'permission_requests'.">'.
src/hooks/permissions/usePermissionRequest.ts(261,28): error TS2339: Property 'user_profiles' does not exist on type 'SelectQueryError<"column 'user_id' does not exist on 'permission_requests'.">'.
src/hooks/permissions/usePermissionRequest.ts(314,30): error TS2339: Property 'raw' does not exist on type 'SupabaseClient<Database, "public", { Tables: { audit_deletion_log: { Row: { deleted_at: string | null; deleted_by: string | null; deleted_data: Json; id: string; reason: string | null; record_id: string | null; table_name: string; }; Insert: { ...; }; Update: { ...; }; Relationships: []; }; ... 63 more ...; user_rol...'.
src/hooks/permissions/usePermissionRequest.ts(336,31): error TS2339: Property 'user_id' does not exist on type 'SelectQueryError<"column 'user_id' does not exist on 'permission_requests'.">'.
src/hooks/permissions/usePermissionRequest.ts(337,35): error TS2339: Property 'permission' does not exist on type 'SelectQueryError<"column 'user_id' does not exist on 'permission_requests'.">'.
src/hooks/permissions/usePermissionRequest.ts(343,37): error TS2339: Property 'resource_id' does not exist on type 'SelectQueryError<"column 'user_id' does not exist on 'permission_requests'.">'.
src/hooks/permissions/usePermissionRequest.ts(389,30): error TS2339: Property 'raw' does not exist on type 'SupabaseClient<Database, "public", { Tables: { audit_deletion_log: { Row: { deleted_at: string | null; deleted_by: string | null; deleted_data: Json; id: string; reason: string | null; record_id: string | null; table_name: string; }; Insert: { ...; }; Update: { ...; }; Relationships: []; }; ... 63 more ...; user_rol...'.
src/hooks/permissions/usePermissionRequest.ts(443,26): error TS2339: Property 'user_id' does not exist on type '{} | { [key: string]: any; }'.
  Property 'user_id' does not exist on type '{}'.
src/hooks/permissions/usePermissionRequest.ts(443,62): error TS2339: Property 'user_id' does not exist on type '{} | Partial<{ [key: string]: any; }>'.
  Property 'user_id' does not exist on type '{}'.
src/hooks/permissions/usePermissionResource.ts(36,11): error TS2339: Property 'error' does not exist on type '{ handleError: (error: any, options?: ErrorHandlerOptions) => { message: string; code: string | undefined; }; createErrorHandler: (defaultOptions?: ErrorHandlerOptions) => (error: any, options?: ErrorHandlerOptions) => { ...; }; handleNetworkError: (error: any, options?: ErrorHandlerOptions) => { ...; }; handleValid...'.
src/hooks/permissions/usePermissionResource.ts(36,31): error TS2339: Property 'clearError' does not exist on type '{ handleError: (error: any, options?: ErrorHandlerOptions) => { message: string; code: string | undefined; }; createErrorHandler: (defaultOptions?: ErrorHandlerOptions) => (error: any, options?: ErrorHandlerOptions) => { ...; }; handleNetworkError: (error: any, options?: ErrorHandlerOptions) => { ...; }; handleValid...'.
src/hooks/permissions/usePermissionResource.ts(130,22): error TS2345: Argument of type '{ action_type: string; created_at: string | null; description: string | null; id: string; is_active: boolean | null; metadata: Json; permission_code: string; permission_name: string; resource_id: string; updated_at: string | null; resource: { ...; }; }[]' is not assignable to parameter of type 'SetStateAction<PermissionWithResource[]>'.
  Type '{ action_type: string; created_at: string | null; description: string | null; id: string; is_active: boolean | null; metadata: Json; permission_code: string; permission_name: string; resource_id: string; updated_at: string | null; resource: { ...; }; }[]' is not assignable to type 'PermissionWithResource[]'.
    Type '{ action_type: string; created_at: string | null; description: string | null; id: string; is_active: boolean | null; metadata: Json; permission_code: string; permission_name: string; resource_id: string; updated_at: string | null; resource: { ...; }; }' is not assignable to type 'PermissionWithResource'.
      The types of 'resource.resource_type' are incompatible between these types.
        Type 'string' is not assignable to type '"action" | "data" | "page" | "feature" | "api"'.
src/hooks/permissions/usePermissionResource.ts(161,7): error TS2322: Type '{ created_at: string | null; description: string | null; id: string; is_active: boolean | null; metadata: Json; parent_id: string | null; resource_code: string; resource_name: string; resource_type: string; updated_at: string | null; }' is not assignable to type 'PermissionResource'.
  Types of property 'resource_type' are incompatible.
    Type 'string' is not assignable to type '"action" | "data" | "page" | "feature" | "api"'.
src/hooks/permissions/usePermissionResource.ts(193,7): error TS2322: Type '{ created_at: string | null; description: string | null; id: string; is_active: boolean | null; metadata: Json; parent_id: string | null; resource_code: string; resource_name: string; resource_type: string; updated_at: string | null; }' is not assignable to type 'PermissionResource'.
  Types of property 'resource_type' are incompatible.
    Type 'string' is not assignable to type '"action" | "data" | "page" | "feature" | "api"'.
src/hooks/permissions/usePermissionResource.ts(268,7): error TS2322: Type '{ action_type: string; created_at: string | null; description: string | null; id: string; is_active: boolean | null; metadata: Json; permission_code: string; permission_name: string; resource_id: string; updated_at: string | null; }' is not assignable to type 'Permission'.
  Types of property 'action_type' are incompatible.
    Type 'string' is not assignable to type '"view" | "create" | "update" | "delete" | "export" | "approve" | "manage"'.
src/hooks/permissions/usePermissionResource.ts(300,7): error TS2322: Type '{ action_type: string; created_at: string | null; description: string | null; id: string; is_active: boolean | null; metadata: Json; permission_code: string; permission_name: string; resource_id: string; updated_at: string | null; }' is not assignable to type 'Permission'.
  Types of property 'action_type' are incompatible.
    Type 'string' is not assignable to type '"view" | "create" | "update" | "delete" | "export" | "approve" | "manage"'.
src/hooks/permissions/usePermissionResource.ts(489,5): error TS2322: Type '(code: string) => Promise<{ valid: boolean; message?: string; }>' is not assignable to type '(code: string) => { valid: boolean; message?: string | undefined; }'.
  Property 'valid' is missing in type 'Promise<{ valid: boolean; message?: string | undefined; }>' but required in type '{ valid: boolean; message?: string | undefined; }'.
src/hooks/permissions/usePermissionResource.ts(490,5): error TS2322: Type '(code: string) => Promise<{ valid: boolean; message?: string; }>' is not assignable to type '(code: string) => { valid: boolean; message?: string | undefined; }'.
  Property 'valid' is missing in type 'Promise<{ valid: boolean; message?: string | undefined; }>' but required in type '{ valid: boolean; message?: string | undefined; }'.
src/hooks/permissions/useResource.ts(112,19): error TS2769: No overload matches this call.
  Overload 1 of 2, '(relation: "departments" | "employees" | "employee_categories" | "payroll_periods" | "insurance_types" | "positions" | "job_ranks" | "special_deduction_types" | "salary_components" | ... 55 more ... | "user_roles"): PostgrestQueryBuilder<...>', gave the following error.
    Argument of type '"reports"' is not assignable to parameter of type '"departments" | "employees" | "employee_categories" | "payroll_periods" | "insurance_types" | "positions" | "job_ranks" | "special_deduction_types" | "salary_components" | ... 55 more ... | "user_roles"'.
  Overload 2 of 2, '(relation: "view_department_payroll_statistics" | "view_employee_basic_info" | "view_employees_active" | "view_employees_all" | "view_employees_deleted" | "view_payroll_period_completeness" | ... 16 more ... | "view_recent_activities"): PostgrestQueryBuilder<...>', gave the following error.
    Argument of type '"reports"' is not assignable to parameter of type '"view_department_payroll_statistics" | "view_employee_basic_info" | "view_employees_active" | "view_employees_all" | "view_employees_deleted" | "view_payroll_period_completeness" | ... 16 more ... | "view_recent_activities"'.
src/hooks/permissions/useResource.ts(118,29): error TS2339: Property 'created_by' does not exist on type 'SelectQueryError<"column 'created_by' does not exist on 'departments'."> | SelectQueryError<"column 'created_by' does not exist on 'employees'."> | ... 62 more ... | SelectQueryError<...>'.
  Property 'created_by' does not exist on type 'SelectQueryError<"column 'created_by' does not exist on 'departments'.">'.
src/hooks/permissions/useResource.ts(118,66): error TS2339: Property 'is_public' does not exist on type 'SelectQueryError<"column 'created_by' does not exist on 'departments'."> | SelectQueryError<"column 'created_by' does not exist on 'employees'."> | ... 62 more ... | SelectQueryError<...>'.
  Property 'is_public' does not exist on type 'SelectQueryError<"column 'created_by' does not exist on 'departments'.">'.
src/hooks/permissions/useResource.ts(138,19): error TS2769: No overload matches this call.
  Overload 1 of 2, '(relation: "departments" | "employees" | "employee_categories" | "payroll_periods" | "insurance_types" | "positions" | "job_ranks" | "special_deduction_types" | "salary_components" | ... 55 more ... | "user_roles"): PostgrestQueryBuilder<...>', gave the following error.
    Argument of type '"view_employees_with_details"' is not assignable to parameter of type '"departments" | "employees" | "employee_categories" | "payroll_periods" | "insurance_types" | "positions" | "job_ranks" | "special_deduction_types" | "salary_components" | ... 55 more ... | "user_roles"'.
  Overload 2 of 2, '(relation: "view_department_payroll_statistics" | "view_employee_basic_info" | "view_employees_active" | "view_employees_all" | "view_employees_deleted" | "view_payroll_period_completeness" | ... 16 more ... | "view_recent_activities"): PostgrestQueryBuilder<...>', gave the following error.
    Argument of type '"view_employees_with_details"' is not assignable to parameter of type '"view_department_payroll_statistics" | "view_employee_basic_info" | "view_employees_active" | "view_employees_all" | "view_employees_deleted" | "view_payroll_period_completeness" | ... 16 more ... | "view_recent_activities"'.
src/hooks/permissions/useResource.ts(144,65): error TS2339: Property 'department_id' does not exist on type 'SelectQueryError<"column 'department_id' does not exist on 'departments'."> | SelectQueryError<"column 'department_id' does not exist on 'employees'."> | ... 62 more ... | SelectQueryError<...>'.
  Property 'department_id' does not exist on type 'SelectQueryError<"column 'department_id' does not exist on 'departments'.">'.
src/hooks/permissions/useResource.ts(155,64): error TS2339: Property 'department_id' does not exist on type 'SelectQueryError<"column 'department_id' does not exist on 'view_payroll_summary'.">'.
src/hooks/permissions/useResource.ts(228,19): error TS1361: 'ResourceAccessError' cannot be used as a value because it was imported using 'import type'.
src/hooks/permissions/useResourceTree.ts(30,11): error TS2339: Property 'error' does not exist on type '{ handleError: (error: any, options?: ErrorHandlerOptions) => { message: string; code: string | undefined; }; createErrorHandler: (defaultOptions?: ErrorHandlerOptions) => (error: any, options?: ErrorHandlerOptions) => { ...; }; handleNetworkError: (error: any, options?: ErrorHandlerOptions) => { ...; }; handleValid...'.
src/hooks/permissions/useResourceTree.ts(30,31): error TS2339: Property 'clearError' does not exist on type '{ handleError: (error: any, options?: ErrorHandlerOptions) => { message: string; code: string | undefined; }; createErrorHandler: (defaultOptions?: ErrorHandlerOptions) => (error: any, options?: ErrorHandlerOptions) => { ...; }; handleNetworkError: (error: any, options?: ErrorHandlerOptions) => { ...; }; handleValid...'.
src/hooks/permissions/useResourceTree.ts(111,19): error TS2345: Argument of type 'ParserError<"Unexpected input: " | "Unexpected input: ,permissions(*)\n        ">[]' is not assignable to parameter of type 'SetStateAction<PermissionResource[]>'.
  Type 'ParserError<"Unexpected input: " | "Unexpected input: ,permissions(*)\n        ">[]' is not assignable to type 'PermissionResource[]'.
    Type 'ParserError<"Unexpected input: " | "Unexpected input: ,permissions(*)\n        ">' is not assignable to type 'PermissionResource'.
      Type '{ error: true; } & String' is missing the following properties from type 'PermissionResource': id, resource_code, resource_name, resource_type, and 3 more.
src/hooks/permissions/useRole.ts(50,30): error TS2345: Argument of type 'any' is not assignable to parameter of type 'never'.
src/hooks/permissions/useRole.ts(98,17): error TS1361: 'RoleEscalationError' cannot be used as a value because it was imported using 'import type'.
src/hooks/permissions/useRole.ts(173,10): error TS2769: No overload matches this call.
  Overload 1 of 2, '(values: { created_at?: string | null | undefined; current_role_name?: string | null | undefined; expires_at?: string | null | undefined; id?: string | undefined; metadata?: Json | undefined; ... 7 more ...; user_id: string; }, options?: { ...; } | undefined): PostgrestFilterBuilder<...>', gave the following error.
    Object literal may only specify known properties, and 'current_role' does not exist in type '{ created_at?: string | null | undefined; current_role_name?: string | null | undefined; expires_at?: string | null | undefined; id?: string | undefined; metadata?: Json | undefined; ... 7 more ...; user_id: string; }'.
  Overload 2 of 2, '(values: { created_at?: string | null | undefined; current_role_name?: string | null | undefined; expires_at?: string | null | undefined; id?: string | undefined; metadata?: Json | undefined; ... 7 more ...; user_id: string; }[], options?: { ...; } | undefined): PostgrestFilterBuilder<...>', gave the following error.
    Object literal may only specify known properties, and 'user_id' does not exist in type '{ created_at?: string | null | undefined; current_role_name?: string | null | undefined; expires_at?: string | null | undefined; id?: string | undefined; metadata?: Json | undefined; ... 7 more ...; user_id: string; }[]'.
src/hooks/permissions/useRole.ts(308,30): error TS2345: Argument of type 'any' is not assignable to parameter of type 'never'.
src/hooks/role-management/index.ts(33,26): error TS2552: Cannot find name 'useRoleManagement'. Did you mean 'roleManagement'?
src/hooks/role-management/index.ts(34,27): error TS2552: Cannot find name 'useRolePermissions'. Did you mean 'rolePermissions'?
src/hooks/role-management/useRoleManagement.ts(170,16): error TS2345: Argument of type '{ parent_role_name: string | undefined; user_count: number; permissions: { id: any; role_id: string; permission_id: any; permission_code: any; permission_name: any; resource_id: any; action_type: any; description: any; granted_by: any; granted_at: any; is_active: any; }[]; ... 12 more ...; role_permissions: { ...; }...' is not assignable to parameter of type 'SetStateAction<RoleInfo[]>'.
  Type '{ parent_role_name: string | undefined; user_count: number; permissions: { id: any; role_id: string; permission_id: any; permission_code: any; permission_name: any; resource_id: any; action_type: any; description: any; granted_by: any; granted_at: any; is_active: any; }[]; ... 12 more ...; role_permissions: { ...; }...' is not assignable to type 'RoleInfo[]'.
    Type '{ parent_role_name: string | undefined; user_count: number; permissions: { id: any; role_id: string; permission_id: any; permission_code: any; permission_name: any; resource_id: any; action_type: any; description: any; granted_by: any; granted_at: any; is_active: any; }[]; ... 12 more ...; role_permissions: { ...; }...' is not assignable to type 'RoleInfo'.
      Types of property 'level' are incompatible.
        Type 'number | null' is not assignable to type 'number'.
          Type 'null' is not assignable to type 'number'.
src/hooks/role-management/useRoleManagement.ts(201,19): error TS18047: 'parentRole.level' is possibly 'null'.
src/hooks/role-management/useRoleManagement.ts(224,10): error TS2769: No overload matches this call.
  Overload 1 of 2, '(values: { change_type: string; changed_at?: string | undefined; changed_by?: string | null | undefined; created_at?: string | null | undefined; id?: string | undefined; metadata?: Json | undefined; new_values?: Json | undefined; old_values?: Json | undefined; reason?: string | ... 1 more ... | undefined; role_id: string; }, options?: { ...; } | undefined): PostgrestFilterBuilder<...>', gave the following error.
    Type 'CreateRoleData' is not assignable to type 'Json | undefined'.
      Type 'CreateRoleData' is not assignable to type '{ [key: string]: Json | undefined; }'.
        Index signature for type 'string' is missing in type 'CreateRoleData'.
  Overload 2 of 2, '(values: { change_type: string; changed_at?: string | undefined; changed_by?: string | null | undefined; created_at?: string | null | undefined; id?: string | undefined; metadata?: Json | undefined; new_values?: Json | undefined; old_values?: Json | undefined; reason?: string | ... 1 more ... | undefined; role_id: string; }[], options?: { ...; } | undefined): PostgrestFilterBuilder<...>', gave the following error.
    Object literal may only specify known properties, and 'role_id' does not exist in type '{ change_type: string; changed_at?: string | undefined; changed_by?: string | null | undefined; created_at?: string | null | undefined; id?: string | undefined; metadata?: Json | undefined; new_values?: Json | undefined; old_values?: Json | undefined; reason?: string | ... 1 more ... | undefined; role_id: string; }[]'.
src/hooks/role-management/useRoleManagement.ts(277,19): error TS18047: 'parentRole.level' is possibly 'null'.
src/hooks/role-management/useRoleManagement.ts(297,10): error TS2769: No overload matches this call.
  Overload 1 of 2, '(values: { change_type: string; changed_at?: string | undefined; changed_by?: string | null | undefined; created_at?: string | null | undefined; id?: string | undefined; metadata?: Json | undefined; new_values?: Json | undefined; old_values?: Json | undefined; reason?: string | ... 1 more ... | undefined; role_id: string; }, options?: { ...; } | undefined): PostgrestFilterBuilder<...>', gave the following error.
    Type 'UpdateRoleData' is not assignable to type 'Json | undefined'.
      Type 'UpdateRoleData' is not assignable to type '{ [key: string]: Json | undefined; }'.
        Index signature for type 'string' is missing in type 'UpdateRoleData'.
  Overload 2 of 2, '(values: { change_type: string; changed_at?: string | undefined; changed_by?: string | null | undefined; created_at?: string | null | undefined; id?: string | undefined; metadata?: Json | undefined; new_values?: Json | undefined; old_values?: Json | undefined; reason?: string | ... 1 more ... | undefined; role_id: string; }[], options?: { ...; } | undefined): PostgrestFilterBuilder<...>', gave the following error.
    Object literal may only specify known properties, and 'role_id' does not exist in type '{ change_type: string; changed_at?: string | undefined; changed_by?: string | null | undefined; created_at?: string | null | undefined; id?: string | undefined; metadata?: Json | undefined; new_values?: Json | undefined; old_values?: Json | undefined; reason?: string | ... 1 more ... | undefined; role_id: string; }[]'.
src/hooks/role-management/useRoleManagement.ts(437,39): error TS2339: Property 'filter' does not exist on type 'SelectQueryError<"could not find the relation between roles and user_roles">'.
src/hooks/role-management/useRoleManagement.ts(438,41): error TS2339: Property 'filter' does not exist on type 'SelectQueryError<"could not find the relation between roles and user_roles">'.
src/hooks/role-management/useRoleManagement.ts(478,7): error TS2322: Type '{ id: string; role_id: string; change_type: string; old_values: Json; new_values: Json; changed_by: string | null; changed_at: string; reason: string | null; }[]' is not assignable to type 'RoleChangeHistory[]'.
  Type '{ id: string; role_id: string; change_type: string; old_values: Json; new_values: Json; changed_by: string | null; changed_at: string; reason: string | null; }' is not assignable to type 'RoleChangeHistory'.
    Types of property 'change_type' are incompatible.
      Type 'string' is not assignable to type '"deleted" | "created" | "updated" | "permission_added" | "permission_removed"'.
src/hooks/role-management/useRolePermissions.ts(104,22): error TS2345: Argument of type '{ action_type: string; created_at: string | null; description: string | null; id: string; is_active: boolean | null; metadata: Json; permission_code: string; permission_name: string; resource_id: string; updated_at: string | null; }[]' is not assignable to parameter of type 'SetStateAction<PermissionInfo[]>'.
  Type '{ action_type: string; created_at: string | null; description: string | null; id: string; is_active: boolean | null; metadata: Json; permission_code: string; permission_name: string; resource_id: string; updated_at: string | null; }[]' is not assignable to type 'PermissionInfo[]'.
    Type '{ action_type: string; created_at: string | null; description: string | null; id: string; is_active: boolean | null; metadata: Json; permission_code: string; permission_name: string; resource_id: string; updated_at: string | null; }' is not assignable to type 'PermissionInfo'.
      Types of property 'description' are incompatible.
        Type 'string | null' is not assignable to type 'string'.
          Type 'null' is not assignable to type 'string'.
src/hooks/role-management/useRolePermissions.ts(135,26): error TS2345: Argument of type '{ expires_at: string | null; granted_at: string | null; granted_by: string | null; id: string; is_active: boolean | null; permission_id: string; role_id: string; role: { role_name: string; }; permission: { ...; }; }[]' is not assignable to parameter of type 'SetStateAction<RolePermissionAssignment[]>'.
  Type '{ expires_at: string | null; granted_at: string | null; granted_by: string | null; id: string; is_active: boolean | null; permission_id: string; role_id: string; role: { role_name: string; }; permission: { ...; }; }[]' is not assignable to type 'RolePermissionAssignment[]'.
    Property 'is_inherited' is missing in type '{ expires_at: string | null; granted_at: string | null; granted_by: string | null; id: string; is_active: boolean | null; permission_id: string; role_id: string; role: { role_name: string; }; permission: { ...; }; }' but required in type 'RolePermissionAssignment'.
src/hooks/role-management/useRolePermissions.ts(368,43): error TS2345: Argument of type '{ action_type: string; created_at: string | null; description: string | null; id: string; is_active: boolean | null; metadata: Json; permission_code: string; permission_name: string; resource_id: string; updated_at: string | null; }' is not assignable to parameter of type 'PermissionInfo'.
  Types of property 'description' are incompatible.
    Type 'string | null' is not assignable to type 'string'.
      Type 'null' is not assignable to type 'string'.
src/hooks/role-management/useRolePermissions.ts(390,9): error TS2322: Type '{ action_type: string; created_at: string | null; description: string | null; id: string; is_active: boolean | null; metadata: Json; permission_code: string; permission_name: string; resource_id: string; updated_at: string | null; }[]' is not assignable to type 'PermissionInfo[]'.
  Type '{ action_type: string; created_at: string | null; description: string | null; id: string; is_active: boolean | null; metadata: Json; permission_code: string; permission_name: string; resource_id: string; updated_at: string | null; }' is not assignable to type 'PermissionInfo'.
    Types of property 'description' are incompatible.
      Type 'string | null' is not assignable to type 'string'.
        Type 'null' is not assignable to type 'string'.
src/hooks/role-management/useRolePermissions.ts(392,9): error TS2322: Type '{ action_type: string; created_at: string | null; description: string | null; id: string; is_active: boolean | null; metadata: Json; permission_code: string; permission_name: string; resource_id: string; updated_at: string | null; }[]' is not assignable to type 'PermissionInfo[]'.
  Type '{ action_type: string; created_at: string | null; description: string | null; id: string; is_active: boolean | null; metadata: Json; permission_code: string; permission_name: string; resource_id: string; updated_at: string | null; }' is not assignable to type 'PermissionInfo'.
    Types of property 'description' are incompatible.
      Type 'string | null' is not assignable to type 'string'.
        Type 'null' is not assignable to type 'string'.
src/hooks/user-management/useUserManagement.ts(146,24): error TS2345: Argument of type '"user:list"' is not assignable to parameter of type 'Permission'.
src/hooks/user-management/useUserManagement.ts(147,20): error TS1361: 'UserManagementError' cannot be used as a value because it was imported using 'import type'.
src/hooks/user-management/useUserManagement.ts(158,49): error TS2554: Expected 0-1 arguments, but got 2.
src/hooks/user-management/useUserManagement.ts(170,13): error TS2322: Type '{ employee_name: string | null | undefined; department_name: any; position_name: any; roles: SelectQueryError<"could not find the relation between user_profiles and user_roles">; ... 10 more ...; employees: { ...; } | ... 3 more ... | null; }[]' is not assignable to type 'UserWithDetails[]'.
  Type '{ employee_name: string | null | undefined; department_name: any; position_name: any; roles: SelectQueryError<"could not find the relation between user_profiles and user_roles">; ... 10 more ...; employees: { ...; } | ... 3 more ... | null; }' is not assignable to type 'UserWithDetails'.
    Types of property 'roles' are incompatible.
      Type '{ error: true; } & String' is missing the following properties from type 'UserRole[]': pop, push, join, reverse, and 21 more.
src/hooks/user-management/useUserManagement.ts(173,55): error TS2339: Property 'department_name' does not exist on type 'SelectQueryError<"column 'department_name' does not exist on 'departments'.">[]'.
src/hooks/user-management/useUserManagement.ts(174,51): error TS2339: Property 'position_name' does not exist on type 'SelectQueryError<"column 'position_name' does not exist on 'positions'.">[]'.
src/hooks/user-management/useUserManagement.ts(177,39): error TS2339: Property 'find' does not exist on type 'SelectQueryError<"could not find the relation between user_profiles and user_roles">'.
src/hooks/user-management/useUserManagement.ts(178,38): error TS2339: Property 'map' does not exist on type 'SelectQueryError<"could not find the relation between user_profiles and user_roles">'.
src/hooks/user-management/useUserManagement.ts(179,34): error TS2339: Property 'some' does not exist on type 'SelectQueryError<"could not find the relation between user_profiles and user_roles">'.
src/hooks/user-management/useUserManagement.ts(223,29): error TS18048: 'prev.total' is possibly 'undefined'.
src/hooks/user-management/useUserManagement.ts(229,24): error TS2345: Argument of type '"user:create"' is not assignable to parameter of type 'Permission'.
src/hooks/user-management/useUserManagement.ts(230,17): error TS1361: 'UserManagementError' cannot be used as a value because it was imported using 'import type'.
src/hooks/user-management/useUserManagement.ts(243,19): error TS1361: 'UserManagementError' cannot be used as a value because it was imported using 'import type'.
src/hooks/user-management/useUserManagement.ts(249,10): error TS2769: No overload matches this call.
  Overload 1 of 2, '(values: { created_at?: string | null | undefined; email: string; employee_id?: string | null | undefined; id: string; updated_at?: string | null | undefined; }, options?: { count?: "exact" | "planned" | "estimated" | undefined; } | undefined): PostgrestFilterBuilder<...>', gave the following error.
    Argument of type '{ email: string; employee_id: string | undefined; }' is not assignable to parameter of type '{ created_at?: string | null | undefined; email: string; employee_id?: string | null | undefined; id: string; updated_at?: string | null | undefined; }'.
      Property 'id' is missing in type '{ email: string; employee_id: string | undefined; }' but required in type '{ created_at?: string | null | undefined; email: string; employee_id?: string | null | undefined; id: string; updated_at?: string | null | undefined; }'.
  Overload 2 of 2, '(values: { created_at?: string | null | undefined; email: string; employee_id?: string | null | undefined; id: string; updated_at?: string | null | undefined; }[], options?: { count?: "exact" | "planned" | "estimated" | undefined; defaultToNull?: boolean | undefined; } | undefined): PostgrestFilterBuilder<...>', gave the following error.
    Object literal may only specify known properties, and 'email' does not exist in type '{ created_at?: string | null | undefined; email: string; employee_id?: string | null | undefined; id: string; updated_at?: string | null | undefined; }[]'.
src/hooks/user-management/useUserManagement.ts(287,24): error TS2345: Argument of type '"user:update"' is not assignable to parameter of type 'Permission'.
src/hooks/user-management/useUserManagement.ts(288,17): error TS1361: 'UserManagementError' cannot be used as a value because it was imported using 'import type'.
src/hooks/user-management/useUserManagement.ts(323,24): error TS2345: Argument of type '"user:delete"' is not assignable to parameter of type 'Permission'.
src/hooks/user-management/useUserManagement.ts(324,17): error TS1361: 'UserManagementError' cannot be used as a value because it was imported using 'import type'.
src/hooks/user-management/useUserManagement.ts(337,19): error TS1361: 'UserNotFoundError' cannot be used as a value because it was imported using 'import type'.
src/hooks/user-management/useUserManagement.ts(365,24): error TS2345: Argument of type '"user:view"' is not assignable to parameter of type 'Permission'.
src/hooks/user-management/useUserManagement.ts(366,17): error TS1361: 'UserManagementError' cannot be used as a value because it was imported using 'import type'.
src/hooks/user-management/useUserManagement.ts(393,28): error TS1361: 'UserNotFoundError' cannot be used as a value because it was imported using 'import type'.
src/hooks/user-management/useUserManagement.ts(397,9): error TS2322: Type 'string | null | undefined' is not assignable to type 'string | undefined'.
  Type 'null' is not assignable to type 'string | undefined'.
src/hooks/user-management/useUserManagement.ts(398,55): error TS2339: Property 'department_name' does not exist on type 'SelectQueryError<"column 'department_name' does not exist on 'departments'.">[]'.
src/hooks/user-management/useUserManagement.ts(399,51): error TS2339: Property 'position_name' does not exist on type 'SelectQueryError<"column 'position_name' does not exist on 'positions'.">[]'.
src/hooks/user-management/useUserManagement.ts(400,9): error TS2740: Type '{ error: true; } & String' is missing the following properties from type 'UserRole[]': pop, push, join, reverse, and 21 more.
src/hooks/user-management/useUserManagement.ts(402,39): error TS2339: Property 'find' does not exist on type 'SelectQueryError<"could not find the relation between user_profiles and user_roles">'.
src/hooks/user-management/useUserManagement.ts(403,38): error TS2339: Property 'map' does not exist on type 'SelectQueryError<"could not find the relation between user_profiles and user_roles">'.
src/hooks/user-management/useUserManagement.ts(404,34): error TS2339: Property 'some' does not exist on type 'SelectQueryError<"could not find the relation between user_profiles and user_roles">'.
src/hooks/user-management/useUserManagement.ts(414,24): error TS2345: Argument of type '"user:assign_role"' is not assignable to parameter of type 'Permission'.
src/hooks/user-management/useUserManagement.ts(415,17): error TS1361: 'RoleAssignmentError' cannot be used as a value because it was imported using 'import type'.
src/hooks/user-management/useUserManagement.ts(428,19): error TS1361: 'RoleAssignmentError' cannot be used as a value because it was imported using 'import type'.
src/hooks/user-management/useUserManagement.ts(450,24): error TS2345: Argument of type '"user:remove_role"' is not assignable to parameter of type 'Permission'.
src/hooks/user-management/useUserManagement.ts(451,17): error TS1361: 'RoleAssignmentError' cannot be used as a value because it was imported using 'import type'.
src/hooks/user-management/useUserManagement.ts(483,24): error TS2345: Argument of type '"user:delete" | "user:assign_role" | "user:remove_role" | "user:suspend" | "user:export" | "user:activate" | "user:deactivate"' is not assignable to parameter of type 'Permission'.
  Type '"user:delete"' is not assignable to type 'Permission'. Did you mean '"user.delete"'?
src/hooks/user-management/useUserManagement.ts(484,17): error TS1361: 'UserManagementError' cannot be used as a value because it was imported using 'import type'.
src/hooks/user-management/useUserManagement.ts(537,19): error TS1361: 'BatchOperationError' cannot be used as a value because it was imported using 'import type'.
src/hooks/user-management/useUserManagement.ts(546,26): error TS1361: 'BatchOperationError' cannot be used as a value because it was imported using 'import type'.
src/hooks/user-management/useUserManagement.ts(581,46): error TS2339: Property 'some' does not exist on type 'SelectQueryError<"could not find the relation between user_profiles and user_roles">'.
src/hooks/user-management/useUserManagement.ts(593,24): error TS2339: Property 'forEach' does not exist on type 'SelectQueryError<"could not find the relation between user_profiles and user_roles">'.
src/hooks/user-management/useUserManagement.ts(696,5): error TS2322: Type '(userId: string) => Promise<{ created_at: string | null; id: string; is_active: boolean | null; role: string; updated_at: string | null; user_id: string; }[]>' is not assignable to type '(userId: string) => Promise<UserRole[]>'.
  Type 'Promise<{ created_at: string | null; id: string; is_active: boolean | null; role: string; updated_at: string | null; user_id: string; }[]>' is not assignable to type 'Promise<UserRole[]>'.
    Type '{ created_at: string | null; id: string; is_active: boolean | null; role: string; updated_at: string | null; user_id: string; }[]' is not assignable to type 'UserRole[]'.
      Type '{ created_at: string | null; id: string; is_active: boolean | null; role: string; updated_at: string | null; user_id: string; }' is not assignable to type 'UserRole'.
        Types of property 'is_active' are incompatible.
          Type 'boolean | null' is not assignable to type 'boolean'.
            Type 'null' is not assignable to type 'boolean'.
src/lib/permissionManager.ts(242,17): error TS2769: No overload matches this call.
  Overload 1 of 2, '(relation: "departments" | "employees" | "employee_categories" | "payroll_periods" | "insurance_types" | "positions" | "job_ranks" | "special_deduction_types" | "salary_components" | ... 55 more ... | "user_roles"): PostgrestQueryBuilder<...>', gave the following error.
    Argument of type '"view_employees_with_details"' is not assignable to parameter of type '"departments" | "employees" | "employee_categories" | "payroll_periods" | "insurance_types" | "positions" | "job_ranks" | "special_deduction_types" | "salary_components" | ... 55 more ... | "user_roles"'.
  Overload 2 of 2, '(relation: "view_department_payroll_statistics" | "view_employee_basic_info" | "view_employees_active" | "view_employees_all" | "view_employees_deleted" | "view_payroll_period_completeness" | ... 16 more ... | "view_recent_activities"): PostgrestQueryBuilder<...>', gave the following error.
    Argument of type '"view_employees_with_details"' is not assignable to parameter of type '"view_department_payroll_statistics" | "view_employee_basic_info" | "view_employees_active" | "view_employees_all" | "view_employees_deleted" | "view_payroll_period_completeness" | ... 16 more ... | "view_recent_activities"'.
src/lib/permissionManager.ts(249,62): error TS2339: Property 'department_id' does not exist on type 'SelectQueryError<"column 'department_id' does not exist on 'departments'."> | SelectQueryError<"column 'department_id' does not exist on 'employees'."> | ... 62 more ... | SelectQueryError<...>'.
  Property 'department_id' does not exist on type 'SelectQueryError<"column 'department_id' does not exist on 'departments'.">'.
src/lib/permissionManager.ts(285,18): error TS2345: Argument of type 'string' is not assignable to parameter of type 'Permission'.
src/lib/permissionManager.ts(289,18): error TS2345: Argument of type '`employee:${string}` | `payroll:${string}` | `system:${string}` | `department:${string}` | `report:${string}`' is not assignable to parameter of type 'Permission'.
  Type '`employee:${string}`' is not assignable to type 'Permission'.
src/lib/permissionManager.ts(312,19): error TS1361: 'PermissionError' cannot be used as a value because it was imported using 'import type'.
src/lib/permissionManager.ts(331,36): error TS2345: Argument of type 'any' is not assignable to parameter of type 'never'.
src/lib/permissionManager.ts(338,37): error TS2345: Argument of type 'any' is not assignable to parameter of type 'never'.
src/lib/permissionManager.ts(393,50): error TS2345: Argument of type 'any' is not assignable to parameter of type 'never'.
src/lib/permissionManager.ts(393,97): error TS2345: Argument of type 'any' is not assignable to parameter of type 'never'.
src/lib/permissionManager.ts(426,57): error TS18046: 'error' is of type 'unknown'.
src/lib/permissionManager.ts(598,29): error TS1448: 'PermissionError' resolves to a type-only declaration and must be re-exported using a type-only re-export when 'verbatimModuleSyntax' is enabled.
src/pages/admin/PermissionApprovalPage.tsx(98,22): error TS2322: Type '{ children: Element; permission: string; fallback: Element; }' is not assignable to type 'IntrinsicAttributes & PermissionGuardProps'.
  Property 'permission' does not exist on type 'IntrinsicAttributes & PermissionGuardProps'. Did you mean 'permissions'?
src/pages/admin/PermissionApprovalPage.tsx(200,11): error TS2322: Type 'string' is not assignable to type 'ToastMessage'.
src/pages/admin/PermissionAssignmentPage.tsx(87,24): error TS2339: Property 'employees' does not exist on type 'UserWithDetails'.
src/pages/admin/PermissionAssignmentPage.tsx(89,27): error TS2339: Property 'user_roles' does not exist on type 'UserWithDetails'.
src/pages/admin/PermissionAssignmentPage.tsx(96,24): error TS2339: Property 'user_roles' does not exist on type 'UserWithDetails'.
src/pages/admin/PermissionAssignmentPage.tsx(96,41): error TS7006: Parameter 'r' implicitly has an 'any' type.
src/pages/admin/PermissionAssignmentPage.tsx(428,70): error TS2339: Property 'employees' does not exist on type 'UserWithDetails'.
src/pages/admin/PermissionAssignmentPage.tsx(489,15): error TS2322: Type '{ data: { id: string; userName: any; email: string; primaryRole: any; totalPermissions: number; rolePermissions: number; directPermissions: number; overridePermissions: number; conflictCount: number; lastUpdated: Date; isActive: any; }[]; ... 5 more ...; pageSize: number; }' is not assignable to type 'IntrinsicAttributes & DataTableProps<{ id: string; userName: any; email: string; primaryRole: any; totalPermissions: number; rolePermissions: number; directPermissions: number; overridePermissions: number; conflictCount: number; lastUpdated: Date; isActive: any; }, unknown>'.
  Property 'enableSelection' does not exist on type 'IntrinsicAttributes & DataTableProps<{ id: string; userName: any; email: string; primaryRole: any; totalPermissions: number; rolePermissions: number; directPermissions: number; overridePermissions: number; conflictCount: number; lastUpdated: Date; isActive: any; }, unknown>'. Did you mean 'enableRowSelection'?
src/pages/admin/PermissionAssignmentPage.tsx(501,6): error TS2322: Type '{ children: (false | Element)[]; title: string; subtitle: string; }' is not assignable to type 'IntrinsicAttributes & ManagementPageLayoutProps'.
  Property 'children' does not exist on type 'IntrinsicAttributes & ManagementPageLayoutProps'.
src/pages/admin/PermissionResourceManagementPage.tsx(156,8): error TS2322: Type '{ children: Element; title: string; breadcrumbs: ({ label: string; href: string; } | { label: string; })[]; }' is not assignable to type 'IntrinsicAttributes & ManagementPageLayoutProps'.
  Property 'children' does not exist on type 'IntrinsicAttributes & ManagementPageLayoutProps'.
src/pages/admin/PermissionResourceManagementPage.tsx(239,23): error TS2322: Type '(permission: PermissionResource) => void' is not assignable to type '(permission: Permission) => void'.
  Types of parameters 'permission' and 'permission' are incompatible.
    Type 'Permission' is missing the following properties from type 'PermissionResource': resource_code, resource_name, resource_type
src/pages/admin/PermissionResourceManagementPage.tsx(303,21): error TS2322: Type '(permission: PermissionResource) => void' is not assignable to type '(permission: Permission) => void'.
  Types of parameters 'permission' and 'permission' are incompatible.
    Type 'Permission' is missing the following properties from type 'PermissionResource': resource_code, resource_name, resource_type
src/pages/admin/PermissionResourceManagementPage.tsx(325,8): error TS2322: Type '{ children: Element; title: string; description: string; breadcrumbs: ({ label: string; href: string; } | { label: string; })[]; headerActions: Element; className: string; }' is not assignable to type 'IntrinsicAttributes & ManagementPageLayoutProps'.
  Property 'children' does not exist on type 'IntrinsicAttributes & ManagementPageLayoutProps'.
src/pages/admin/PermissionResourceManagementPage.tsx(344,9): error TS2322: Type 'PermissionResourceWithChildren | null' is not assignable to type 'PermissionResourceWithChildren | undefined'.
  Type 'null' is not assignable to type 'PermissionResourceWithChildren | undefined'.
src/pages/admin/PermissionResourceManagementPage.tsx(345,9): error TS2322: Type 'PermissionResource | null' is not assignable to type 'PermissionResource | undefined'.
  Type 'null' is not assignable to type 'PermissionResource | undefined'.
src/pages/admin/RoleManagementPage.tsx(149,22): error TS2322: Type '{ children: Element; permission: string; }' is not assignable to type 'IntrinsicAttributes & PermissionGuardProps'.
  Property 'permission' does not exist on type 'IntrinsicAttributes & PermissionGuardProps'. Did you mean 'permissions'?
src/pages/admin/RoleManagementPage.tsx(153,9): error TS2322: Type '({ label: string; icon: string; onClick: () => void; type: "primary"; permission: string; } | { label: string; icon: string; onClick: () => void; type: "outline"; permission?: undefined; })[]' is not assignable to type 'ReactNode[]'.
  Type '{ label: string; icon: string; onClick: () => void; type: "primary"; permission: string; } | { label: string; icon: string; onClick: () => void; type: "outline"; permission?: undefined; }' is not assignable to type 'ReactNode'.
    Type '{ label: string; icon: string; onClick: () => void; type: "primary"; permission: string; }' is not assignable to type 'ReactNode'.
      Type '{ label: string; icon: string; onClick: () => void; type: "primary"; permission: string; }' is missing the following properties from type 'ReactPortal': children, props, key
src/pages/admin/RoleManagementPage.tsx(401,11): error TS2322: Type 'Element' is not assignable to type 'string'.
src/pages/admin/UserManagementPage.tsx(415,15): error TS2322: Type '((AccessorKeyColumnDefBase<UserWithDetails, string[] | undefined> & Partial<IdIdentifier<UserWithDetails, string[] | undefined>>) | (AccessorKeyColumnDefBase<...> & Partial<...>) | (ColumnDefBase<...> & StringHeaderIdentifier) | (ColumnDefBase<...> & IdIdentifier<...>))[]' is not assignable to type 'ColumnDef<UserWithDetails, unknown>[]'.
  Type '(AccessorKeyColumnDefBase<UserWithDetails, string[] | undefined> & Partial<IdIdentifier<UserWithDetails, string[] | undefined>>) | (AccessorKeyColumnDefBase<...> & Partial<...>) | (ColumnDefBase<...> & StringHeaderIdentifier) | (ColumnDefBase<...> & IdIdentifier<...>)' is not assignable to type 'ColumnDef<UserWithDetails, unknown>'.
    Type 'AccessorKeyColumnDefBase<UserWithDetails, string[] | undefined> & Partial<IdIdentifier<UserWithDetails, string[] | undefined>>' is not assignable to type 'ColumnDef<UserWithDetails, unknown>'.
      Type 'AccessorKeyColumnDefBase<UserWithDetails, string[] | undefined> & Partial<IdIdentifier<UserWithDetails, string[] | undefined>>' is not assignable to type 'AccessorKeyColumnDefBase<UserWithDetails, unknown> & Partial<IdIdentifier<UserWithDetails, unknown>>'.
        Type 'AccessorKeyColumnDefBase<UserWithDetails, string[] | undefined> & Partial<IdIdentifier<UserWithDetails, string[] | undefined>>' is not assignable to type 'AccessorKeyColumnDefBase<UserWithDetails, unknown>'.
          Types of property 'footer' are incompatible.
            Type 'ColumnDefTemplate<HeaderContext<UserWithDetails, string[] | undefined>> | undefined' is not assignable to type 'ColumnDefTemplate<HeaderContext<UserWithDetails, unknown>> | undefined'.
              Type '(props: HeaderContext<UserWithDetails, string[] | undefined>) => any' is not assignable to type 'ColumnDefTemplate<HeaderContext<UserWithDetails, unknown>> | undefined'.
                Type '(props: HeaderContext<UserWithDetails, string[] | undefined>) => any' is not assignable to type '(props: HeaderContext<UserWithDetails, unknown>) => any'.
                  Types of parameters 'props' and 'props' are incompatible.
                    Type 'HeaderContext<UserWithDetails, unknown>' is not assignable to type 'HeaderContext<UserWithDetails, string[] | undefined>'.
                      The types of 'column.accessorFn' are incompatible between these types.
                        Type 'AccessorFn<UserWithDetails, unknown> | undefined' is not assignable to type 'AccessorFn<UserWithDetails, string[] | undefined> | undefined'.
                          Type 'AccessorFn<UserWithDetails, unknown>' is not assignable to type 'AccessorFn<UserWithDetails, string[] | undefined>'.
                            Type 'unknown' is not assignable to type 'string[] | undefined'.
src/pages/permissions/PermissionRequestPage.tsx(68,13): error TS2304: Cannot find name 'refreshRequests'.
src/pages/permissions/PermissionRequestPage.tsx(79,20): error TS2304: Cannot find name 'refreshRequests'.
src/pages/permissions/PermissionRequestPage.tsx(87,13): error TS2304: Cannot find name 'refreshRequests'.
src/pages/permissions/PermissionRequestPage.tsx(92,20): error TS2304: Cannot find name 'refreshRequests'.
src/pages/permissions/PermissionRequestPage.tsx(169,26): error TS2304: Cannot find name 'refreshRequests'.
src/pages/permissions/PermissionRequestPage.tsx(184,37): error TS2339: Property 'request_id' does not exist on type 'PermissionRequest'.
src/pages/permissions/PermissionRequestPage.tsx(187,25): error TS2740: Type 'PermissionRequest' is missing the following properties from type 'PermissionRequest': request_id, user_id, permission_id, request_type, and 3 more.
src/pages/permissions/PermissionRequestPage.tsx(189,64): error TS2345: Argument of type 'import("/Users/xumingyang/app/\u9AD8\u65B0\u533A\u5DE5\u8D44\u4FE1\u606F\u7BA1\u7406/salary_system/webapp/v3/frontend/src/types/permission").PermissionRequest' is not assignable to parameter of type 'import("/Users/xumingyang/app/\u9AD8\u65B0\u533A\u5DE5\u8D44\u4FE1\u606F\u7BA1\u7406/salary_system/webapp/v3/frontend/src/types/permission-request").PermissionRequest'.
  Type 'PermissionRequest' is missing the following properties from type 'PermissionRequest': request_id, user_id, permission_id, request_type, and 3 more.
src/pages/permissions/PermissionRequestPage.tsx(192,65): error TS2339: Property 'request_id' does not exist on type 'PermissionRequest'.
